#
# There is insufficient memory for the Java Runtime Environment to continue.
# Native memory allocation (malloc) failed to allocate 48896 bytes for Chunk::new
# Possible reasons:
#   The system is out of physical RAM or swap space
#   The process is running with CompressedOops enabled, and the Java Heap may be blocking the growth of the native heap
# Possible solutions:
#   Reduce memory load on the system
#   Increase physical memory or swap space
#   Check if swap backing store is full
#   Decrease Java heap size (-Xmx/-Xms)
#   Decrease number of Java threads
#   Decrease Java thread stack sizes (-Xss)
#   Set larger code cache with -XX:ReservedCodeCacheSize=
#   JVM is running with Unscaled Compressed Oops mode in which the Java heap is
#     placed in the first 4GB address space. The Java Heap base address is the
#     maximum limit for the native heap growth. Please use -XX:HeapBaseMinAddress
#     to set the Java Heap base and to place the Java Heap above 4GB virtual address.
# This output file may be truncated or incomplete.
#
#  Out of Memory Error (arena.cpp:195), pid=7480, tid=8528
#
# JRE version: Java(TM) SE Runtime Environment (16.0.2+7) (build 16.0.2+7-67)
# Java VM: Java HotSpot(TM) 64-Bit Server VM (16.0.2+7-67, mixed mode, sharing, tiered, compressed oops, compressed class ptrs, parallel gc, windows-amd64)
# No core dump will be written. Minidumps are not enabled by default on client versions of Windows
#

---------------  S U M M A R Y ------------

Command Line: --add-modules=ALL-SYSTEM --add-opens=java.base/java.util=ALL-UNNAMED --add-opens=java.base/java.lang=ALL-UNNAMED -Declipse.application=org.eclipse.jdt.ls.core.id1 -Dosgi.bundles.defaultStartLevel=4 -Declipse.product=org.eclipse.jdt.ls.core.product -Djava.import.generatesMetadataFilesAtProjectRoot=false -Dfile.encoding=utf8 -DwatchParentProcess=false -XX:+UseParallelGC -XX:GCTimeRatio=4 -XX:AdaptiveSizePolicyWeight=90 -Dsun.zip.disableMemoryMapping=true -Xmx1G -Xms100m c:\Users\Marcos\.vscode\extensions\redhat.java-1.1.0\server\plugins\org.eclipse.equinox.launcher_1.6.400.v20210924-0641.jar -configuration c:\Users\Marcos\AppData\Roaming\Code\User\globalStorage\redhat.java\1.1.0\config_ss_win -data c:\Users\Marcos\AppData\Roaming\Code\User\workspaceStorage\40249ffea82ebe0c124a9c6399a888b7\redhat.java\ss_ws

Host: Intel(R) Celeron(R) CPU  N2808  @ 1.58GHz, 2 cores, 3G,  Windows 10 , 64 bit Build 19041 (10.0.19041.1348)
Time: Sun Dec  5 13:04:38 2021 Hora estándar de Argentina elapsed time: 7.229223 seconds (0d 0h 0m 7s)

---------------  T H R E A D  ---------------

Current thread (0x0000023d7eba7250):  JavaThread "C2 CompilerThread0" daemon [_thread_in_native, id=8528, stack(0x0000006254000000,0x0000006254100000)]


Current CompileTask:
C2:   7229  320       4       java.math.BigInteger::implMulAdd (81 bytes)

Stack: [0x0000006254000000,0x0000006254100000]
Native frames: (J=compiled Java code, j=interpreted, Vv=VM code, C=native code)
V  [jvm.dll+0x6681ca]
V  [jvm.dll+0x7c9e69]
V  [jvm.dll+0x7cb61e]
V  [jvm.dll+0x7cbc73]
V  [jvm.dll+0x242c55]
V  [jvm.dll+0xadeba]
V  [jvm.dll+0xae45c]
V  [jvm.dll+0x2a4cdf]
V  [jvm.dll+0x573c29]
V  [jvm.dll+0x21e48e]
V  [jvm.dll+0x21798d]
V  [jvm.dll+0x214ffc]
V  [jvm.dll+0x1a1beb]
V  [jvm.dll+0x225158]
V  [jvm.dll+0x22319c]
V  [jvm.dll+0x77fa62]
V  [jvm.dll+0x7795aa]
V  [jvm.dll+0x667066]
C  [ucrtbase.dll+0x21bb2]
C  [KERNEL32.DLL+0x17034]
C  [ntdll.dll+0x52651]


---------------  P R O C E S S  ---------------

Threads class SMR info:
_java_thread_list=0x0000023d0f9c5ed0, length=12, elements={
0x0000023d7532ba20, 0x0000023d7540a430, 0x0000023d7540d040, 0x0000023d7eba2e60,
0x0000023d7eba3a60, 0x0000023d7eba4660, 0x0000023d7eba6270, 0x0000023d7eba7250,
0x0000023d7ebae510, 0x0000023d7ebb3030, 0x0000023d753eb770, 0x0000023d0f9b0b30
}

Java Threads: ( => current thread )
  0x0000023d7532ba20 JavaThread "main" [_thread_in_vm, id=9940, stack(0x0000006253700000,0x0000006253800000)]
  0x0000023d7540a430 JavaThread "Reference Handler" daemon [_thread_blocked, id=8840, stack(0x0000006253a00000,0x0000006253b00000)]
  0x0000023d7540d040 JavaThread "Finalizer" daemon [_thread_blocked, id=9476, stack(0x0000006253b00000,0x0000006253c00000)]
  0x0000023d7eba2e60 JavaThread "Signal Dispatcher" daemon [_thread_blocked, id=8660, stack(0x0000006253c00000,0x0000006253d00000)]
  0x0000023d7eba3a60 JavaThread "Attach Listener" daemon [_thread_blocked, id=4100, stack(0x0000006253d00000,0x0000006253e00000)]
  0x0000023d7eba4660 JavaThread "Service Thread" daemon [_thread_blocked, id=5880, stack(0x0000006253e00000,0x0000006253f00000)]
  0x0000023d7eba6270 JavaThread "Monitor Deflation Thread" daemon [_thread_blocked, id=6488, stack(0x0000006253f00000,0x0000006254000000)]
=>0x0000023d7eba7250 JavaThread "C2 CompilerThread0" daemon [_thread_in_native, id=8528, stack(0x0000006254000000,0x0000006254100000)]
  0x0000023d7ebae510 JavaThread "C1 CompilerThread0" daemon [_thread_blocked, id=4792, stack(0x0000006254100000,0x0000006254200000)]
  0x0000023d7ebb3030 JavaThread "Sweeper thread" daemon [_thread_blocked, id=3196, stack(0x0000006254200000,0x0000006254300000)]
  0x0000023d753eb770 JavaThread "Common-Cleaner" daemon [_thread_blocked, id=5344, stack(0x0000006254300000,0x0000006254400000)]
  0x0000023d0f9b0b30 JavaThread "Notification Thread" daemon [_thread_blocked, id=8664, stack(0x0000006254400000,0x0000006254500000)]

Other Threads:
  0x0000023d7eb948f0 VMThread "VM Thread" [stack: 0x0000006253900000,0x0000006253a00000] [id=6424]
  0x0000023d0f9b2060 WatcherThread [stack: 0x0000006254500000,0x0000006254600000] [id=9696]
  0x0000023d75344a20 GCTaskThread "GC Thread#0" [stack: 0x0000006253800000,0x0000006253900000] [id=2936]

Threads with active compile tasks:
C2 CompilerThread0     7402  320       4       java.math.BigInteger::implMulAdd (81 bytes)

VM state: not at safepoint (normal execution)

VM Mutex/Monitor currently owned by a thread: None

Heap address: 0x00000000c0000000, size: 1024 MB, Compressed Oops mode: 32-bit

CDS archive(s) mapped at: [0x0000000800000000-0x0000000800bb0000-0x0000000800bb0000), size 12255232, SharedBaseAddress: 0x0000000800000000, ArchiveRelocationMode: 0.
Compressed class space mapped at: 0x0000000800c00000-0x0000000840c00000, reserved size: 1073741824
Narrow klass base: 0x0000000800000000, Narrow klass shift: 3, Narrow klass range: 0x100000000

GC Precious Log:
 CPUs: 2 total, 2 available
 Memory: 3973M
 Large Page Support: Disabled
 NUMA Support: Disabled
 Compressed Oops: Enabled (32-bit)
 Alignments: Space 512K, Generation 512K, Heap 2M
 Heap Min Capacity: 100M
 Heap Initial Capacity: 100M
 Heap Max Capacity: 1G
 Pre-touch: Disabled
 Parallel Workers: 2

Heap:
 PSYoungGen      total 29696K, used 4097K [0x00000000eab00000, 0x00000000ecc00000, 0x0000000100000000)
  eden space 25600K, 16% used [0x00000000eab00000,0x00000000eaf006c0,0x00000000ec400000)
  from space 4096K, 0% used [0x00000000ec800000,0x00000000ec800000,0x00000000ecc00000)
  to   space 4096K, 0% used [0x00000000ec400000,0x00000000ec400000,0x00000000ec800000)
 ParOldGen       total 68608K, used 0K [0x00000000c0000000, 0x00000000c4300000, 0x00000000eab00000)
  object space 68608K, 0% used [0x00000000c0000000,0x00000000c0000000,0x00000000c4300000)
 Metaspace       used 2069K, committed 2240K, reserved 1056768K
  class space    used 182K, committed 256K, reserved 1048576K

Card table byte_map: [0x0000023d74cf0000,0x0000023d74f00000] _byte_map_base: 0x0000023d746f0000

Marking Bits: (ParMarkBitMap*) 0x00007ffb8b210b20
 Begin Bits: [0x0000023d7cab0000, 0x0000023d7dab0000)
 End Bits:   [0x0000023d7dab0000, 0x0000023d7eab0000)

Polling page: 0x0000023d730e0000

Metaspace:

Usage:
  Non-class:      1.84 MB used.
      Class:    182.09 KB used.
       Both:      2.02 MB used.

Virtual space:
  Non-class space:        8.00 MB reserved,       1.94 MB ( 24%) committed,  1 nodes.
      Class space:        1.00 GB reserved,     256.00 KB ( <1%) committed,  1 nodes.
              Both:        1.01 GB reserved,       2.19 MB ( <1%) committed. 

Chunk freelists:
   Non-Class:  4.00 MB
       Class:  3.75 MB
        Both:  7.74 MB

MaxMetaspaceSize: 17179869184.00 GB
CompressedClassSpaceSize: 1.00 GB
 - commit_granule_bytes: 65536.
 - commit_granule_words: 8192.
 - virtual_space_node_default_size: 1048576.
 - enlarge_chunks_in_place: 1.
 - new_chunks_are_fully_committed: 0.
 - uncommit_free_chunks: 1.
 - use_allocation_guard: 0.
 - handle_deallocations: 1.


Internal statistics:

num_allocs_failed_limit: 0.
num_arena_births: 6.
num_arena_deaths: 0.
num_vsnodes_births: 2.
num_vsnodes_deaths: 0.
num_space_committed: 35.
num_space_uncommitted: 0.
num_chunks_returned_to_freelist: 0.
num_chunks_taken_from_freelist: 7.
num_chunk_merges: 0.
num_chunk_splits: 4.
num_chunks_enlarged: 2.
num_purges: 0.

CodeHeap 'non-profiled nmethods': size=120064Kb used=88Kb max_used=88Kb free=119975Kb
 bounds [0x0000023d07ac0000, 0x0000023d07d30000, 0x0000023d0f000000]
CodeHeap 'profiled nmethods': size=120000Kb used=453Kb max_used=453Kb free=119546Kb
 bounds [0x0000023d00590000, 0x0000023d00800000, 0x0000023d07ac0000]
CodeHeap 'non-nmethods': size=5696Kb used=1130Kb max_used=1143Kb free=4565Kb
 bounds [0x0000023d00000000, 0x0000023d00270000, 0x0000023d00590000]
 total_blobs=744 nmethods=332 adapters=328
 compilation: enabled
              stopped_count=0, restarted_count=0
 full_count=0

Compilation events (20 events):
Event: 6.885 Thread 0x0000023d7ebae510 nmethod 307 0x0000023d005f5690 code [0x0000023d005f5840, 0x0000023d005f5a78]
Event: 6.888 Thread 0x0000023d7eba7250  311       4       jdk.internal.misc.Unsafe::getCharUnaligned (12 bytes)
Event: 6.892 Thread 0x0000023d7ebae510  313       3       java.lang.StringUTF16::putChar (54 bytes)
Event: 6.892 Thread 0x0000023d7ebae510 nmethod 313 0x0000023d005f5b90 code [0x0000023d005f5d40, 0x0000023d005f5e98]
Event: 6.896 Thread 0x0000023d7ebae510  315       3       java.lang.ThreadLocal::get (38 bytes)
Event: 6.897 Thread 0x0000023d7ebae510 nmethod 315 0x0000023d005f5f90 code [0x0000023d005f6160, 0x0000023d005f6498]
Event: 6.905 Thread 0x0000023d7eba7250 nmethod 311 0x0000023d07ad5290 code [0x0000023d07ad5420, 0x0000023d07ad54d8]
Event: 6.905 Thread 0x0000023d7eba7250  312       4       java.nio.ByteBufferAsCharBufferB::get (30 bytes)
Event: 6.908 Thread 0x0000023d7eba7250 nmethod 312 0x0000023d07ad5590 code [0x0000023d07ad5740, 0x0000023d07ad5878]
Event: 6.908 Thread 0x0000023d7eba7250  314       4       java.lang.StringUTF16::putChar (54 bytes)
Event: 6.910 Thread 0x0000023d7eba7250 nmethod 314 0x0000023d07ad5a10 code [0x0000023d07ad5ba0, 0x0000023d07ad5c78]
Event: 7.178 Thread 0x0000023d7ebae510  316       3       java.math.BigInteger::implMulAdd (81 bytes)
Event: 7.179 Thread 0x0000023d7ebae510 nmethod 316 0x0000023d005f6610 code [0x0000023d005f67c0, 0x0000023d005f6a18]
Event: 7.179 Thread 0x0000023d7ebae510  317       3       java.math.BigInteger::mulAdd (19 bytes)
Event: 7.179 Thread 0x0000023d7ebae510 nmethod 317 0x0000023d005f6b90 code [0x0000023d005f6d40, 0x0000023d005f6ed8]
Event: 7.180 Thread 0x0000023d7ebae510  318       3       java.math.BigInteger::addOne (77 bytes)
Event: 7.180 Thread 0x0000023d7ebae510 nmethod 318 0x0000023d005f6f90 code [0x0000023d005f7160, 0x0000023d005f74d8]
Event: 7.185 Thread 0x0000023d7ebae510  319       3       java.math.BigInteger::implMulAddCheck (176 bytes)
Event: 7.188 Thread 0x0000023d7eba7250  320       4       java.math.BigInteger::implMulAdd (81 bytes)
Event: 7.190 Thread 0x0000023d7ebae510 nmethod 319 0x0000023d005f7610 code [0x0000023d005f7aa0, 0x0000023d005f95d8]

GC Heap History (0 events):
No events

Deoptimization events (0 events):
No events

Classes unloaded (0 events):
No events

Classes redefined (0 events):
No events

Internal exceptions (1 events):
Event: 1.252 Thread 0x0000023d7532ba20 Exception <a 'java/lang/NoSuchMethodError'{0x00000000eac9f6b0}: 'void java.lang.invoke.DirectMethodHandle$Holder.invokeStatic(java.lang.Object, java.lang.Object, java.lang.Object)'> (0x00000000eac9f6b0) 
thrown [t:\workspace\open\src\hotspot\share\interpreter\linkResolver.cpp, line 790]

Events (20 events):
Event: 7.057 loading class java/security/PrivateKey done
Event: 7.057 loading class java/security/interfaces/RSAPrivateKey done
Event: 7.058 loading class sun/security/rsa/RSASignature$SHA256withRSA
Event: 7.161 loading class sun/security/rsa/RSASignature
Event: 7.162 loading class sun/security/rsa/RSASignature done
Event: 7.162 loading class sun/security/rsa/RSASignature$SHA256withRSA done
Event: 7.163 loading class sun/security/rsa/RSAPrivateKeyImpl
Event: 7.163 loading class sun/security/pkcs/PKCS8Key
Event: 7.163 loading class sun/security/pkcs/PKCS8Key done
Event: 7.163 loading class sun/security/rsa/RSAPrivateKeyImpl done
Event: 7.163 loading class sun/security/rsa/RSAPrivateCrtKeyImpl
Event: 7.164 loading class java/security/interfaces/RSAPrivateCrtKey
Event: 7.164 loading class java/security/interfaces/RSAPrivateCrtKey done
Event: 7.164 loading class sun/security/rsa/RSAPrivateCrtKeyImpl done
Event: 7.164 loading class sun/security/rsa/RSACore
Event: 7.164 loading class sun/security/rsa/RSACore done
Event: 7.165 loading class sun/security/rsa/RSAPadding
Event: 7.165 loading class sun/security/rsa/RSAPadding done
Event: 7.166 loading class java/math/MutableBigInteger
Event: 7.168 loading class java/math/MutableBigInteger done


Dynamic libraries:
0x00007ff6b4860000 - 0x00007ff6b4870000 	C:\Program Files\Java\jdk-16.0.2\bin\java.exe
0x00007ffbb7a30000 - 0x00007ffbb7c25000 	C:\WINDOWS\SYSTEM32\ntdll.dll
0x00007ffbb6310000 - 0x00007ffbb63ce000 	C:\WINDOWS\System32\KERNEL32.DLL
0x00007ffbb51e0000 - 0x00007ffbb54a8000 	C:\WINDOWS\System32\KERNELBASE.dll
0x00007ffbb54b0000 - 0x00007ffbb55b0000 	C:\WINDOWS\System32\ucrtbase.dll
0x00007ffbb0c50000 - 0x00007ffbb0c68000 	C:\Program Files\Java\jdk-16.0.2\bin\jli.dll
0x00007ffbb75f0000 - 0x00007ffbb769c000 	C:\WINDOWS\System32\ADVAPI32.dll
0x00007ffba8d40000 - 0x00007ffba8d59000 	C:\Program Files\Java\jdk-16.0.2\bin\VCRUNTIME140.dll
0x00007ffbb5d00000 - 0x00007ffbb5d9e000 	C:\WINDOWS\System32\msvcrt.dll
0x00007ffbb7550000 - 0x00007ffbb75eb000 	C:\WINDOWS\System32\sechost.dll
0x00007ffbb5bd0000 - 0x00007ffbb5cfa000 	C:\WINDOWS\System32\RPCRT4.dll
0x00007ffbb7140000 - 0x00007ffbb72e1000 	C:\WINDOWS\System32\USER32.dll
0x00007ffbb5610000 - 0x00007ffbb5632000 	C:\WINDOWS\System32\win32u.dll
0x00007ffbb5ba0000 - 0x00007ffbb5bcb000 	C:\WINDOWS\System32\GDI32.dll
0x00007ffbb5970000 - 0x00007ffbb5a7b000 	C:\WINDOWS\System32\gdi32full.dll
0x00007ffbb58a0000 - 0x00007ffbb593d000 	C:\WINDOWS\System32\msvcp_win.dll
0x00007ffba43b0000 - 0x00007ffba464a000 	C:\WINDOWS\WinSxS\amd64_microsoft.windows.common-controls_6595b64144ccf1df_6.0.19041.1110_none_60b5254171f9507e\COMCTL32.dll
0x00007ffba4650000 - 0x00007ffba465a000 	C:\WINDOWS\SYSTEM32\VERSION.dll
0x00007ffbb5a80000 - 0x00007ffbb5ab0000 	C:\WINDOWS\System32\IMM32.DLL
0x00007ffbaeb70000 - 0x00007ffbaeb7c000 	C:\Program Files\Java\jdk-16.0.2\bin\vcruntime140_1.dll
0x00007ffba2cf0000 - 0x00007ffba2d81000 	C:\Program Files\Java\jdk-16.0.2\bin\msvcp140.dll
0x00007ffb8a720000 - 0x00007ffb8b2cb000 	C:\Program Files\Java\jdk-16.0.2\bin\server\jvm.dll
0x00007ffbb70d0000 - 0x00007ffbb70d8000 	C:\WINDOWS\System32\PSAPI.DLL
0x00007ffb9f400000 - 0x00007ffb9f427000 	C:\WINDOWS\SYSTEM32\WINMM.dll
0x00007ffbb2950000 - 0x00007ffbb2959000 	C:\WINDOWS\SYSTEM32\WSOCK32.dll
0x00007ffbb74e0000 - 0x00007ffbb754b000 	C:\WINDOWS\System32\WS2_32.dll
0x00007ffbb3050000 - 0x00007ffbb3062000 	C:\WINDOWS\SYSTEM32\kernel.appcore.dll
0x00007ffba78d0000 - 0x00007ffba78da000 	C:\Program Files\Java\jdk-16.0.2\bin\jimage.dll
0x00007ffba4cd0000 - 0x00007ffba4eb4000 	C:\WINDOWS\SYSTEM32\DBGHELP.DLL
0x00007ffba4c70000 - 0x00007ffba4c9c000 	C:\WINDOWS\SYSTEM32\dbgcore.DLL
0x00007ffbb5150000 - 0x00007ffbb51d3000 	C:\WINDOWS\System32\bcryptPrimitives.dll
0x00007ffba8980000 - 0x00007ffba89a5000 	C:\Program Files\Java\jdk-16.0.2\bin\java.dll
0x00007ffbb6930000 - 0x00007ffbb706f000 	C:\WINDOWS\System32\SHELL32.dll
0x00007ffbb3250000 - 0x00007ffbb39e0000 	C:\WINDOWS\SYSTEM32\windows.storage.dll
0x00007ffbb5da0000 - 0x00007ffbb60f5000 	C:\WINDOWS\System32\combase.dll
0x00007ffbb4ad0000 - 0x00007ffbb4afe000 	C:\WINDOWS\SYSTEM32\Wldp.dll
0x00007ffbb63d0000 - 0x00007ffbb647d000 	C:\WINDOWS\System32\SHCORE.dll
0x00007ffbb5b40000 - 0x00007ffbb5b95000 	C:\WINDOWS\System32\shlwapi.dll
0x00007ffbb5090000 - 0x00007ffbb50af000 	C:\WINDOWS\SYSTEM32\profapi.dll
0x00007ffba4390000 - 0x00007ffba43a9000 	C:\Program Files\Java\jdk-16.0.2\bin\net.dll
0x00007ffbaa990000 - 0x00007ffbaaa9c000 	C:\WINDOWS\SYSTEM32\WINHTTP.dll
0x00007ffbb4830000 - 0x00007ffbb489a000 	C:\WINDOWS\system32\mswsock.dll
0x00007ffba2dd0000 - 0x00007ffba2de3000 	C:\Program Files\Java\jdk-16.0.2\bin\nio.dll
0x00007ffba2d90000 - 0x00007ffba2da8000 	C:\Program Files\Java\jdk-16.0.2\bin\zip.dll

dbghelp: loaded successfully - version: 4.0.5 - missing functions: none
symbol engine: initialized successfully - sym options: 0x614 - pdb path: .;C:\Program Files\Java\jdk-16.0.2\bin;C:\WINDOWS\SYSTEM32;C:\WINDOWS\WinSxS\amd64_microsoft.windows.common-controls_6595b64144ccf1df_6.0.19041.1110_none_60b5254171f9507e;C:\Program Files\Java\jdk-16.0.2\bin\server

VM Arguments:
jvm_args: --add-modules=ALL-SYSTEM --add-opens=java.base/java.util=ALL-UNNAMED --add-opens=java.base/java.lang=ALL-UNNAMED -Declipse.application=org.eclipse.jdt.ls.core.id1 -Dosgi.bundles.defaultStartLevel=4 -Declipse.product=org.eclipse.jdt.ls.core.product -Djava.import.generatesMetadataFilesAtProjectRoot=false -Dfile.encoding=utf8 -DwatchParentProcess=false -XX:+UseParallelGC -XX:GCTimeRatio=4 -XX:AdaptiveSizePolicyWeight=90 -Dsun.zip.disableMemoryMapping=true -Xmx1G -Xms100m 
java_command: c:\Users\Marcos\.vscode\extensions\redhat.java-1.1.0\server\plugins\org.eclipse.equinox.launcher_1.6.400.v20210924-0641.jar -configuration c:\Users\Marcos\AppData\Roaming\Code\User\globalStorage\redhat.java\1.1.0\config_ss_win -data c:\Users\Marcos\AppData\Roaming\Code\User\workspaceStorage\40249ffea82ebe0c124a9c6399a888b7\redhat.java\ss_ws
java_class_path (initial): c:\Users\Marcos\.vscode\extensions\redhat.java-1.1.0\server\plugins\org.eclipse.equinox.launcher_1.6.400.v20210924-0641.jar
Launcher Type: SUN_STANDARD

[Global flags]
    uintx AdaptiveSizePolicyWeight                 = 90                                        {product} {command line}
     intx CICompilerCount                          = 2                                         {product} {ergonomic}
    uintx GCTimeRatio                              = 4                                         {product} {command line}
   size_t InitialHeapSize                          = 104857600                                 {product} {command line}
   size_t MaxHeapSize                              = 1073741824                                {product} {command line}
   size_t MaxNewSize                               = 357564416                                 {product} {ergonomic}
   size_t MinHeapDeltaBytes                        = 524288                                    {product} {ergonomic}
   size_t MinHeapSize                              = 104857600                                 {product} {command line}
   size_t NewSize                                  = 34603008                                  {product} {ergonomic}
    uintx NonNMethodCodeHeapSize                   = 5826188                                {pd product} {ergonomic}
    uintx NonProfiledCodeHeapSize                  = 122916026                              {pd product} {ergonomic}
   size_t OldSize                                  = 70254592                                  {product} {ergonomic}
    uintx ProfiledCodeHeapSize                     = 122916026                              {pd product} {ergonomic}
    uintx ReservedCodeCacheSize                    = 251658240                              {pd product} {ergonomic}
     bool SegmentedCodeCache                       = true                                      {product} {ergonomic}
   size_t SoftMaxHeapSize                          = 1073741824                             {manageable} {ergonomic}
     bool UseCompressedClassPointers               = true                           {product lp64_product} {ergonomic}
     bool UseCompressedOops                        = true                           {product lp64_product} {ergonomic}
     bool UseLargePagesIndividualAllocation        = false                                  {pd product} {ergonomic}
     bool UseParallelGC                            = true                                      {product} {command line}

Logging:
Log output configuration:
 #0: stdout all=warning uptime,level,tags
 #1: stderr all=off uptime,level,tags

Environment Variables:
PATH=C:\Python310\Scripts\;C:\Python310\;C:\Program Files\Common Files\Oracle\Java\javapath;C:\ProgramData\Oracle\Java\javapath;C:\Program Files\Java\jdk1.8.0_241\bin;C:\WINDOWS\system32;C:\WINDOWS;C:\WINDOWS\System32\Wbem;C:\WINDOWS\System32\WindowsPowerShell\v1.0\;C:\WINDOWS\System32\OpenSSH\;C:\Program Files\nodejs\;C:\ProgramData\chocolatey\bin;C:\Program Files\Git\cmd;C:\Users\Marcos\AppData\Local\Microsoft\WindowsApps;C:\Program Files\Java\jdk1.8.0_112\bin;;C:\Users\Marcos\AppData\Local\Programs\Microsoft VS Code\bin;C:\Users\Marcos\AppData\Roaming\npm
USERNAME=Marcos
OS=Windows_NT
PROCESSOR_IDENTIFIER=Intel64 Family 6 Model 55 Stepping 8, GenuineIntel



---------------  S Y S T E M  ---------------

OS:
 Windows 10 , 64 bit Build 19041 (10.0.19041.1348)
OS uptime: 2 days 14:32 hours

CPU: total 2 (initial active 2) (2 cores per cpu, 1 threads per core) family 6 model 55 stepping 8 microcode 0x838, cx8, cmov, fxsr, mmx, 3dnowpref, sse, sse2, sse3, ssse3, sse4.1, sse4.2, popcnt, tsc, tscinvbit, erms, clmul, clflush

Memory: 4k page, system-wide physical 3973M (393M free)
TotalPageFile size 6757M (AvailPageFile size 5M)
current process WorkingSet (physical memory assigned to process): 35M, peak: 35M
current process commit charge ("private bytes"): 173M, peak: 173M

vm_info: Java HotSpot(TM) 64-Bit Server VM (16.0.2+7-67) for windows-amd64 JRE (16.0.2+7-67), built on Jun  8 2021 23:24:19 by "mach5one" with MS VC++ 16.7 (VS2019)

END.
