#
# There is insufficient memory for the Java Runtime Environment to continue.
# Native memory allocation (malloc) failed to allocate 32744 bytes for ChunkPool::allocate
# Possible reasons:
#   The system is out of physical RAM or swap space
#   The process is running with CompressedOops enabled, and the Java Heap may be blocking the growth of the native heap
# Possible solutions:
#   Reduce memory load on the system
#   Increase physical memory or swap space
#   Check if swap backing store is full
#   Decrease Java heap size (-Xmx/-Xms)
#   Decrease number of Java threads
#   Decrease Java thread stack sizes (-Xss)
#   Set larger code cache with -XX:ReservedCodeCacheSize=
#   JVM is running with Unscaled Compressed Oops mode in which the Java heap is
#     placed in the first 4GB address space. The Java Heap base address is the
#     maximum limit for the native heap growth. Please use -XX:HeapBaseMinAddress
#     to set the Java Heap base and to place the Java Heap above 4GB virtual address.
# This output file may be truncated or incomplete.
#
#  Out of Memory Error (arena.cpp:79), pid=5428, tid=4176
#
# JRE version: Java(TM) SE Runtime Environment (16.0.2+7) (build 16.0.2+7-67)
# Java VM: Java HotSpot(TM) 64-Bit Server VM (16.0.2+7-67, mixed mode, sharing, tiered, compressed oops, compressed class ptrs, parallel gc, windows-amd64)
# No core dump will be written. Minidumps are not enabled by default on client versions of Windows
#

---------------  S U M M A R Y ------------

Command Line: --add-modules=ALL-SYSTEM --add-opens=java.base/java.util=ALL-UNNAMED --add-opens=java.base/java.lang=ALL-UNNAMED -Declipse.application=org.eclipse.jdt.ls.core.id1 -Dosgi.bundles.defaultStartLevel=4 -Declipse.product=org.eclipse.jdt.ls.core.product -Djava.import.generatesMetadataFilesAtProjectRoot=false -Dfile.encoding=utf8 -DwatchParentProcess=false -XX:+UseParallelGC -XX:GCTimeRatio=4 -XX:AdaptiveSizePolicyWeight=90 -Dsun.zip.disableMemoryMapping=true -Xmx1G -Xms100m -XX:+HeapDumpOnOutOfMemoryError -XX:HeapDumpPath=c:\Users\Marcos\AppData\Roaming\Code\User\workspaceStorage\40249ffea82ebe0c124a9c6399a888b7\redhat.java c:\Users\Marcos\.vscode\extensions\redhat.java-1.1.0\server\plugins\org.eclipse.equinox.launcher_1.6.400.v20210924-0641.jar -configuration c:\Users\Marcos\AppData\Roaming\Code\User\globalStorage\redhat.java\1.1.0\config_win -data c:\Users\Marcos\AppData\Roaming\Code\User\workspaceStorage\40249ffea82ebe0c124a9c6399a888b7\redhat.java\jdt_ws

Host: Intel(R) Celeron(R) CPU  N2808  @ 1.58GHz, 2 cores, 3G,  Windows 10 , 64 bit Build 19041 (10.0.19041.1348)
Time: Sun Dec  5 14:29:26 2021 Hora estándar de Argentina elapsed time: 107.644188 seconds (0d 0h 1m 47s)

---------------  T H R E A D  ---------------

Current thread (0x000002055e9d7150):  JavaThread "C2 CompilerThread0" daemon [_thread_in_native, id=4176, stack(0x0000005ea1d00000,0x0000005ea1e00000)]


Current CompileTask:
C2: 107644 3466       4       java.io.InputStreamReader::read (11 bytes)

Stack: [0x0000005ea1d00000,0x0000005ea1e00000]
Native frames: (J=compiled Java code, j=interpreted, Vv=VM code, C=native code)
V  [jvm.dll+0x6681ca]
V  [jvm.dll+0x7c9e69]
V  [jvm.dll+0x7cb61e]
V  [jvm.dll+0x7cbc73]
V  [jvm.dll+0x242c55]
V  [jvm.dll+0xae10f]
V  [jvm.dll+0xae45c]
V  [jvm.dll+0x360470]
V  [jvm.dll+0x35f9c1]
V  [jvm.dll+0x35fa04]
V  [jvm.dll+0x359b83]
V  [jvm.dll+0x1b9cf5]
V  [jvm.dll+0x215e16]
V  [jvm.dll+0x215100]
V  [jvm.dll+0x1a1beb]
V  [jvm.dll+0x225158]
V  [jvm.dll+0x22319c]
V  [jvm.dll+0x77fa62]
V  [jvm.dll+0x7795aa]
V  [jvm.dll+0x667066]
C  [ucrtbase.dll+0x21bb2]
C  [KERNEL32.DLL+0x17034]
C  [ntdll.dll+0x52651]


---------------  P R O C E S S  ---------------

Threads class SMR info:
_java_thread_list=0x0000020562308940, length=25, elements={
0x000002054615b4c0, 0x000002054623c340, 0x000002054623d110, 0x000002055e9d2db0,
0x000002055e9d3b80, 0x000002055e9d5800, 0x000002055e9d6310, 0x000002055e9d7150,
0x000002055ea39290, 0x000002055ea437f0, 0x000002055e960c20, 0x00000205600c0d10,
0x00000205604451e0, 0x0000020560689120, 0x00000205606121e0, 0x000002056056f8c0,
0x0000020560119170, 0x0000020560a2e530, 0x0000020560600ad0, 0x0000020560601570,
0x0000020560600030, 0x00000205605ff590, 0x00000205605ffae0, 0x0000020560600580,
0x0000020560602560
}

Java Threads: ( => current thread )
  0x000002054615b4c0 JavaThread "main" [_thread_blocked, id=7780, stack(0x0000005ea1400000,0x0000005ea1500000)]
  0x000002054623c340 JavaThread "Reference Handler" daemon [_thread_blocked, id=1328, stack(0x0000005ea1700000,0x0000005ea1800000)]
  0x000002054623d110 JavaThread "Finalizer" daemon [_thread_blocked, id=9100, stack(0x0000005ea1800000,0x0000005ea1900000)]
  0x000002055e9d2db0 JavaThread "Signal Dispatcher" daemon [_thread_blocked, id=2836, stack(0x0000005ea1900000,0x0000005ea1a00000)]
  0x000002055e9d3b80 JavaThread "Attach Listener" daemon [_thread_blocked, id=9060, stack(0x0000005ea1a00000,0x0000005ea1b00000)]
  0x000002055e9d5800 JavaThread "Service Thread" daemon [_thread_blocked, id=3360, stack(0x0000005ea1b00000,0x0000005ea1c00000)]
  0x000002055e9d6310 JavaThread "Monitor Deflation Thread" daemon [_thread_blocked, id=9124, stack(0x0000005ea1c00000,0x0000005ea1d00000)]
=>0x000002055e9d7150 JavaThread "C2 CompilerThread0" daemon [_thread_in_native, id=4176, stack(0x0000005ea1d00000,0x0000005ea1e00000)]
  0x000002055ea39290 JavaThread "C1 CompilerThread0" daemon [_thread_in_native, id=8112, stack(0x0000005ea1e00000,0x0000005ea1f00000)]
  0x000002055ea437f0 JavaThread "Sweeper thread" daemon [_thread_blocked, id=544, stack(0x0000005ea1f00000,0x0000005ea2000000)]
  0x000002055e960c20 JavaThread "Common-Cleaner" daemon [_thread_blocked, id=8844, stack(0x0000005ea2000000,0x0000005ea2100000)]
  0x00000205600c0d10 JavaThread "Notification Thread" daemon [_thread_blocked, id=4504, stack(0x0000005ea2100000,0x0000005ea2200000)]
  0x00000205604451e0 JavaThread "Active Thread: Equinox Container: 926182ae-a7cf-4773-ba67-40ebe013e116" [_thread_blocked, id=6716, stack(0x0000005ea2300000,0x0000005ea2400000)]
  0x0000020560689120 JavaThread "Framework Event Dispatcher: Equinox Container: 926182ae-a7cf-4773-ba67-40ebe013e116" daemon [_thread_blocked, id=5080, stack(0x0000005ea2400000,0x0000005ea2500000)]
  0x00000205606121e0 JavaThread "Start Level: Equinox Container: 926182ae-a7cf-4773-ba67-40ebe013e116" daemon [_thread_blocked, id=2188, stack(0x0000005ea2600000,0x0000005ea2700000)]
  0x000002056056f8c0 JavaThread "SCR Component Actor" daemon [_thread_blocked, id=7460, stack(0x0000005ea2700000,0x0000005ea2800000)]
  0x0000020560119170 JavaThread "Bundle File Closer" daemon [_thread_blocked, id=9168, stack(0x0000005ea2a00000,0x0000005ea2b00000)]
  0x0000020560a2e530 JavaThread "Worker-JM" [_thread_blocked, id=4812, stack(0x0000005ea2c00000,0x0000005ea2d00000)]
  0x0000020560600ad0 JavaThread "Worker-0: Building" [_thread_in_Java, id=7700, stack(0x0000005ea2d00000,0x0000005ea2e00000)]
  0x0000020560601570 JavaThread "Worker-1: Updating workspace" [_thread_blocked, id=4852, stack(0x0000005ea2e00000,0x0000005ea2f00000)]
  0x0000020560600030 JavaThread "Worker-2: Processing Java changes since last activation" [_thread_blocked, id=2900, stack(0x0000005ea2f00000,0x0000005ea3000000)]
  0x00000205605ff590 JavaThread "Java indexing" daemon [_thread_blocked, id=10108, stack(0x0000005ea2b00000,0x0000005ea2c00000)]
  0x00000205605ffae0 JavaThread "Worker-3: Repository registry initialization" [_thread_in_Java, id=9852, stack(0x0000005ea3000000,0x0000005ea3100000)]
  0x0000020560600580 JavaThread "Worker-4" [_thread_blocked, id=5692, stack(0x0000005ea1200000,0x0000005ea1300000)]
  0x0000020560602560 JavaThread "pool-2-thread-1" [_thread_blocked, id=5936, stack(0x0000005ea1300000,0x0000005ea1400000)]

Other Threads:
  0x000002055e9c4870 VMThread "VM Thread" [stack: 0x0000005ea1600000,0x0000005ea1700000] [id=2472]
  0x00000205600c2240 WatcherThread [stack: 0x0000005ea2200000,0x0000005ea2300000] [id=9956]
  0x0000020546175ac0 GCTaskThread "GC Thread#0" [stack: 0x0000005ea1500000,0x0000005ea1600000] [id=5380]
  0x000002056060f8d0 GCTaskThread "GC Thread#1" [stack: 0x0000005ea2500000,0x0000005ea2600000] [id=8900]

Threads with active compile tasks:
C2 CompilerThread0   111269 3466       4       java.io.InputStreamReader::read (11 bytes)
C1 CompilerThread0   111270 3487   !   2       org.eclipse.osgi.internal.loader.BundleLoader::findRequiredSource (283 bytes)

VM state: not at safepoint (normal execution)

VM Mutex/Monitor currently owned by a thread: None

Heap address: 0x00000000c0000000, size: 1024 MB, Compressed Oops mode: 32-bit

CDS archive(s) mapped at: [0x0000000800000000-0x0000000800bb0000-0x0000000800bb0000), size 12255232, SharedBaseAddress: 0x0000000800000000, ArchiveRelocationMode: 0.
Compressed class space mapped at: 0x0000000800c00000-0x0000000840c00000, reserved size: 1073741824
Narrow klass base: 0x0000000800000000, Narrow klass shift: 3, Narrow klass range: 0x100000000

GC Precious Log:
 CPUs: 2 total, 2 available
 Memory: 3973M
 Large Page Support: Disabled
 NUMA Support: Disabled
 Compressed Oops: Enabled (32-bit)
 Alignments: Space 512K, Generation 512K, Heap 2M
 Heap Min Capacity: 100M
 Heap Initial Capacity: 100M
 Heap Max Capacity: 1G
 Pre-touch: Disabled
 Parallel Workers: 2

Heap:
 PSYoungGen      total 27648K, used 4314K [0x00000000eab00000, 0x00000000ece00000, 0x0000000100000000)
  eden space 23552K, 1% used [0x00000000eab00000,0x00000000eab3d208,0x00000000ec200000)
  from space 4096K, 99% used [0x00000000ec780000,0x00000000ecb79950,0x00000000ecb80000)
  to   space 5632K, 0% used [0x00000000ec200000,0x00000000ec200000,0x00000000ec780000)
 ParOldGen       total 68608K, used 11449K [0x00000000c0000000, 0x00000000c4300000, 0x00000000eab00000)
  object space 68608K, 16% used [0x00000000c0000000,0x00000000c0b2e590,0x00000000c4300000)
 Metaspace       used 31517K, committed 32256K, reserved 1081344K
  class space    used 3276K, committed 3648K, reserved 1048576K

Card table byte_map: [0x0000020545b20000,0x0000020545d30000] _byte_map_base: 0x0000020545520000

Marking Bits: (ParMarkBitMap*) 0x00007ffb8b210b20
 Begin Bits: [0x000002055c8e0000, 0x000002055d8e0000)
 End Bits:   [0x000002055d8e0000, 0x000002055e8e0000)

Polling page: 0x0000020544040000

Metaspace:

Usage:
  Non-class:     27.58 MB used.
      Class:      3.20 MB used.
       Both:     30.78 MB used.

Virtual space:
  Non-class space:       32.00 MB reserved,      27.94 MB ( 87%) committed,  4 nodes.
      Class space:        1.00 GB reserved,       3.56 MB ( <1%) committed,  1 nodes.
              Both:        1.03 GB reserved,      31.50 MB (  3%) committed. 

Chunk freelists:
   Non-Class:  3.47 MB
       Class:  432.00 KB
        Both:  3.89 MB

MaxMetaspaceSize: 17179869184.00 GB
CompressedClassSpaceSize: 1.00 GB
 - commit_granule_bytes: 65536.
 - commit_granule_words: 8192.
 - virtual_space_node_default_size: 1048576.
 - enlarge_chunks_in_place: 1.
 - new_chunks_are_fully_committed: 0.
 - uncommit_free_chunks: 1.
 - use_allocation_guard: 0.
 - handle_deallocations: 1.


Internal statistics:

num_allocs_failed_limit: 5.
num_arena_births: 314.
num_arena_deaths: 0.
num_vsnodes_births: 5.
num_vsnodes_deaths: 0.
num_space_committed: 504.
num_space_uncommitted: 0.
num_chunks_returned_to_freelist: 5.
num_chunks_taken_from_freelist: 1580.
num_chunk_merges: 5.
num_chunk_splits: 1004.
num_chunks_enlarged: 598.
num_purges: 0.

CodeHeap 'non-profiled nmethods': size=120064Kb used=1422Kb max_used=1422Kb free=118641Kb
 bounds [0x00000205553a0000, 0x0000020555610000, 0x000002055c8e0000]
CodeHeap 'profiled nmethods': size=120000Kb used=7490Kb max_used=7490Kb free=112509Kb
 bounds [0x000002054de70000, 0x000002054e5d0000, 0x00000205553a0000]
CodeHeap 'non-nmethods': size=5696Kb used=1266Kb max_used=1304Kb free=4429Kb
 bounds [0x000002054d8e0000, 0x000002054db50000, 0x000002054de70000]
 total_blobs=4052 nmethods=3470 adapters=497
 compilation: enabled
              stopped_count=0, restarted_count=0
 full_count=0

Compilation events (20 events):
Event: 107.288 Thread 0x000002055ea39290 nmethod 3467 0x000002054e5b9d10 code [0x000002054e5ba000, 0x000002054e5bafb8]
Event: 107.306 Thread 0x000002055ea39290 3472       3       org.codehaus.plexus.util.xml.pull.MXParser::ensureElementsCapacity (265 bytes)
Event: 107.307 Thread 0x000002055ea39290 nmethod 3472 0x000002054e5bb590 code [0x000002054e5bb7e0, 0x000002054e5bc748]
Event: 107.307 Thread 0x000002055ea39290 3473       3       java.util.regex.Pattern::compile (10 bytes)
Event: 107.308 Thread 0x000002055ea39290 nmethod 3473 0x000002054e5bca10 code [0x000002054e5bcbc0, 0x000002054e5bcd68]
Event: 107.309 Thread 0x000002055ea39290 3474       1       org.codehaus.plexus.util.xml.pull.MXParser::getDepth (5 bytes)
Event: 107.309 Thread 0x000002055ea39290 nmethod 3474 0x0000020555503410 code [0x00000205555035a0, 0x0000020555503678]
Event: 107.316 Thread 0x000002055ea39290 3475       3       org.codehaus.plexus.util.xml.pull.MXParser::newString (11 bytes)
Event: 107.321 Thread 0x000002055ea39290 nmethod 3475 0x000002054e5bce10 code [0x000002054e5bcfc0, 0x000002054e5bd168]
Event: 107.429 Thread 0x000002055ea39290 3477       3       java.util.regex.Pattern$GroupHead::match (47 bytes)
Event: 107.429 Thread 0x000002055ea39290 nmethod 3477 0x000002054e5bd290 code [0x000002054e5bd440, 0x000002054e5bd6a8]
Event: 107.441 Thread 0x000002055ea39290 3478       3       org.codehaus.plexus.util.xml.pull.MXParser::getName (84 bytes)
Event: 107.441 Thread 0x000002055ea39290 nmethod 3478 0x000002054e5bd890 code [0x000002054e5bda60, 0x000002054e5bddc8]
Event: 107.443 Thread 0x000002055ea39290 3479       3       org.codehaus.plexus.util.xml.pull.MXParser::nextTag (82 bytes)
Event: 107.445 Thread 0x000002055ea39290 nmethod 3479 0x000002054e5bdf10 code [0x000002054e5be1a0, 0x000002054e5beb88]
Event: 107.445 Thread 0x000002055ea39290 3480       1       org.codehaus.plexus.util.xml.pull.MXParser::getEventType (5 bytes)
Event: 107.445 Thread 0x000002055ea39290 nmethod 3480 0x0000020555503710 code [0x00000205555038a0, 0x0000020555503978]
Event: 107.456 Thread 0x000002055ea39290 3481       3       java.lang.Package$VersionInfo::getInstance (53 bytes)
Event: 107.456 Thread 0x000002055ea39290 nmethod 3481 0x000002054e5bef10 code [0x000002054e5bf0e0, 0x000002054e5bf4c8]
Event: 107.492 Thread 0x000002055ea39290 3484       2       org.codehaus.plexus.util.xml.pull.MXParser::isWhitespace (116 bytes)

GC Heap History (12 events):
Event: 53.831 GC heap before
{Heap before GC invocations=1 (full 0):
 PSYoungGen      total 29696K, used 25600K [0x00000000eab00000, 0x00000000ecc00000, 0x0000000100000000)
  eden space 25600K, 100% used [0x00000000eab00000,0x00000000ec400000,0x00000000ec400000)
  from space 4096K, 0% used [0x00000000ec800000,0x00000000ec800000,0x00000000ecc00000)
  to   space 4096K, 0% used [0x00000000ec400000,0x00000000ec400000,0x00000000ec800000)
 ParOldGen       total 68608K, used 0K [0x00000000c0000000, 0x00000000c4300000, 0x00000000eab00000)
  object space 68608K, 0% used [0x00000000c0000000,0x00000000c0000000,0x00000000c4300000)
 Metaspace       used 7026K, committed 7168K, reserved 1056768K
  class space    used 659K, committed 704K, reserved 1048576K
}
Event: 53.927 GC heap after
{Heap after GC invocations=1 (full 0):
 PSYoungGen      total 29696K, used 4080K [0x00000000eab00000, 0x00000000ecc00000, 0x0000000100000000)
  eden space 25600K, 0% used [0x00000000eab00000,0x00000000eab00000,0x00000000ec400000)
  from space 4096K, 99% used [0x00000000ec400000,0x00000000ec7fc3b8,0x00000000ec800000)
  to   space 4096K, 0% used [0x00000000ec800000,0x00000000ec800000,0x00000000ecc00000)
 ParOldGen       total 68608K, used 610K [0x00000000c0000000, 0x00000000c4300000, 0x00000000eab00000)
  object space 68608K, 0% used [0x00000000c0000000,0x00000000c0098ae8,0x00000000c4300000)
 Metaspace       used 7026K, committed 7168K, reserved 1056768K
  class space    used 659K, committed 704K, reserved 1048576K
}
Event: 76.857 GC heap before
{Heap before GC invocations=2 (full 0):
 PSYoungGen      total 29696K, used 29680K [0x00000000eab00000, 0x00000000ecc00000, 0x0000000100000000)
  eden space 25600K, 100% used [0x00000000eab00000,0x00000000ec400000,0x00000000ec400000)
  from space 4096K, 99% used [0x00000000ec400000,0x00000000ec7fc3b8,0x00000000ec800000)
  to   space 4096K, 0% used [0x00000000ec800000,0x00000000ec800000,0x00000000ecc00000)
 ParOldGen       total 68608K, used 610K [0x00000000c0000000, 0x00000000c4300000, 0x00000000eab00000)
  object space 68608K, 0% used [0x00000000c0000000,0x00000000c0098ae8,0x00000000c4300000)
 Metaspace       used 13884K, committed 14336K, reserved 1064960K
  class space    used 1324K, committed 1536K, reserved 1048576K
}
Event: 76.913 GC heap after
{Heap after GC invocations=2 (full 0):
 PSYoungGen      total 29696K, used 4066K [0x00000000eab00000, 0x00000000ecc00000, 0x0000000100000000)
  eden space 25600K, 0% used [0x00000000eab00000,0x00000000eab00000,0x00000000ec400000)
  from space 4096K, 99% used [0x00000000ec800000,0x00000000ecbf8928,0x00000000ecc00000)
  to   space 4096K, 0% used [0x00000000ec400000,0x00000000ec400000,0x00000000ec800000)
 ParOldGen       total 68608K, used 5569K [0x00000000c0000000, 0x00000000c4300000, 0x00000000eab00000)
  object space 68608K, 8% used [0x00000000c0000000,0x00000000c05705d0,0x00000000c4300000)
 Metaspace       used 13884K, committed 14336K, reserved 1064960K
  class space    used 1324K, committed 1536K, reserved 1048576K
}
Event: 83.427 GC heap before
{Heap before GC invocations=3 (full 0):
 PSYoungGen      total 29696K, used 29666K [0x00000000eab00000, 0x00000000ecc00000, 0x0000000100000000)
  eden space 25600K, 100% used [0x00000000eab00000,0x00000000ec400000,0x00000000ec400000)
  from space 4096K, 99% used [0x00000000ec800000,0x00000000ecbf8928,0x00000000ecc00000)
  to   space 4096K, 0% used [0x00000000ec400000,0x00000000ec400000,0x00000000ec800000)
 ParOldGen       total 68608K, used 5569K [0x00000000c0000000, 0x00000000c4300000, 0x00000000eab00000)
  object space 68608K, 8% used [0x00000000c0000000,0x00000000c05705d0,0x00000000c4300000)
 Metaspace       used 20779K, committed 21248K, reserved 1073152K
  class space    used 1865K, committed 2048K, reserved 1048576K
}
Event: 83.448 GC heap after
{Heap after GC invocations=3 (full 0):
 PSYoungGen      total 29696K, used 4085K [0x00000000eab00000, 0x00000000ecc00000, 0x0000000100000000)
  eden space 25600K, 0% used [0x00000000eab00000,0x00000000eab00000,0x00000000ec400000)
  from space 4096K, 99% used [0x00000000ec400000,0x00000000ec7fd7e0,0x00000000ec800000)
  to   space 4096K, 0% used [0x00000000ec800000,0x00000000ec800000,0x00000000ecc00000)
 ParOldGen       total 68608K, used 6650K [0x00000000c0000000, 0x00000000c4300000, 0x00000000eab00000)
  object space 68608K, 9% used [0x00000000c0000000,0x00000000c067ebe0,0x00000000c4300000)
 Metaspace       used 20779K, committed 21248K, reserved 1073152K
  class space    used 1865K, committed 2048K, reserved 1048576K
}
Event: 83.837 GC heap before
{Heap before GC invocations=4 (full 0):
 PSYoungGen      total 29696K, used 4891K [0x00000000eab00000, 0x00000000ecc00000, 0x0000000100000000)
  eden space 25600K, 3% used [0x00000000eab00000,0x00000000eabc9430,0x00000000ec400000)
  from space 4096K, 99% used [0x00000000ec400000,0x00000000ec7fd7e0,0x00000000ec800000)
  to   space 4096K, 0% used [0x00000000ec800000,0x00000000ec800000,0x00000000ecc00000)
 ParOldGen       total 68608K, used 6650K [0x00000000c0000000, 0x00000000c4300000, 0x00000000eab00000)
  object space 68608K, 9% used [0x00000000c0000000,0x00000000c067ebe0,0x00000000c4300000)
 Metaspace       used 20843K, committed 21248K, reserved 1073152K
  class space    used 1872K, committed 2048K, reserved 1048576K
}
Event: 83.852 GC heap after
{Heap after GC invocations=4 (full 0):
 PSYoungGen      total 29696K, used 4071K [0x00000000eab00000, 0x00000000ecc00000, 0x0000000100000000)
  eden space 25600K, 0% used [0x00000000eab00000,0x00000000eab00000,0x00000000ec400000)
  from space 4096K, 99% used [0x00000000ec800000,0x00000000ecbf9ff0,0x00000000ecc00000)
  to   space 4096K, 0% used [0x00000000ec400000,0x00000000ec400000,0x00000000ec800000)
 ParOldGen       total 68608K, used 6720K [0x00000000c0000000, 0x00000000c4300000, 0x00000000eab00000)
  object space 68608K, 9% used [0x00000000c0000000,0x00000000c0690380,0x00000000c4300000)
 Metaspace       used 20843K, committed 21248K, reserved 1073152K
  class space    used 1872K, committed 2048K, reserved 1048576K
}
Event: 83.854 GC heap before
{Heap before GC invocations=5 (full 1):
 PSYoungGen      total 29696K, used 4071K [0x00000000eab00000, 0x00000000ecc00000, 0x0000000100000000)
  eden space 25600K, 0% used [0x00000000eab00000,0x00000000eab00000,0x00000000ec400000)
  from space 4096K, 99% used [0x00000000ec800000,0x00000000ecbf9ff0,0x00000000ecc00000)
  to   space 4096K, 0% used [0x00000000ec400000,0x00000000ec400000,0x00000000ec800000)
 ParOldGen       total 68608K, used 6720K [0x00000000c0000000, 0x00000000c4300000, 0x00000000eab00000)
  object space 68608K, 9% used [0x00000000c0000000,0x00000000c0690380,0x00000000c4300000)
 Metaspace       used 20843K, committed 21248K, reserved 1073152K
  class space    used 1872K, committed 2048K, reserved 1048576K
}
Event: 84.024 GC heap after
{Heap after GC invocations=5 (full 1):
 PSYoungGen      total 29696K, used 0K [0x00000000eab00000, 0x00000000ecc00000, 0x0000000100000000)
  eden space 25600K, 0% used [0x00000000eab00000,0x00000000eab00000,0x00000000ec400000)
  from space 4096K, 0% used [0x00000000ec800000,0x00000000ec800000,0x00000000ecc00000)
  to   space 4096K, 0% used [0x00000000ec400000,0x00000000ec400000,0x00000000ec800000)
 ParOldGen       total 68608K, used 10564K [0x00000000c0000000, 0x00000000c4300000, 0x00000000eab00000)
  object space 68608K, 15% used [0x00000000c0000000,0x00000000c0a510c0,0x00000000c4300000)
 Metaspace       used 20843K, committed 21248K, reserved 1073152K
  class space    used 1872K, committed 2048K, reserved 1048576K
}
Event: 101.467 GC heap before
{Heap before GC invocations=6 (full 1):
 PSYoungGen      total 29696K, used 25600K [0x00000000eab00000, 0x00000000ecc00000, 0x0000000100000000)
  eden space 25600K, 100% used [0x00000000eab00000,0x00000000ec400000,0x00000000ec400000)
  from space 4096K, 0% used [0x00000000ec800000,0x00000000ec800000,0x00000000ecc00000)
  to   space 4096K, 0% used [0x00000000ec400000,0x00000000ec400000,0x00000000ec800000)
 ParOldGen       total 68608K, used 10564K [0x00000000c0000000, 0x00000000c4300000, 0x00000000eab00000)
  object space 68608K, 15% used [0x00000000c0000000,0x00000000c0a510c0,0x00000000c4300000)
 Metaspace       used 27774K, committed 28480K, reserved 1081344K
  class space    used 2793K, committed 3136K, reserved 1048576K
}
Event: 101.479 GC heap after
{Heap after GC invocations=6 (full 1):
 PSYoungGen      total 28672K, used 3560K [0x00000000eab00000, 0x00000000ecb80000, 0x0000000100000000)
  eden space 25088K, 0% used [0x00000000eab00000,0x00000000eab00000,0x00000000ec380000)
  from space 3584K, 99% used [0x00000000ec400000,0x00000000ec77a3e8,0x00000000ec780000)
  to   space 4096K, 0% used [0x00000000ec780000,0x00000000ec780000,0x00000000ecb80000)
 ParOldGen       total 68608K, used 10564K [0x00000000c0000000, 0x00000000c4300000, 0x00000000eab00000)
  object space 68608K, 15% used [0x00000000c0000000,0x00000000c0a510c0,0x00000000c4300000)
 Metaspace       used 27774K, committed 28480K, reserved 1081344K
  class space    used 2793K, committed 3136K, reserved 1048576K
}

Deoptimization events (20 events):
Event: 106.208 Thread 0x00000205605ffae0 DEOPT PACKING pc=0x00000205554fb7b0 sp=0x0000005ea30fdb20
Event: 106.209 Thread 0x00000205605ffae0 DEOPT UNPACKING pc=0x000002054d92d429 sp=0x0000005ea30fdaa8 mode 2
Event: 106.912 Thread 0x00000205605ffae0 DEOPT PACKING pc=0x000002054e26dc2f sp=0x0000005ea30fd6b0
Event: 106.912 Thread 0x00000205605ffae0 DEOPT UNPACKING pc=0x000002054d92dbb0 sp=0x0000005ea30fcc30 mode 0
Event: 106.941 Thread 0x00000205605ffae0 Uncommon trap: trap_request=0xffffff45 fr.pc=0x00000205554fe450 relative=0x0000000000000390
Event: 106.941 Thread 0x00000205605ffae0 Uncommon trap: reason=unstable_if action=reinterpret pc=0x00000205554fe450 method=sun.nio.cs.UTF_8$Decoder.decodeArrayLoop(Ljava/nio/ByteBuffer;Ljava/nio/CharBuffer;)Ljava/nio/charset/CoderResult; @ 110 c2
Event: 106.942 Thread 0x00000205605ffae0 DEOPT PACKING pc=0x00000205554fe450 sp=0x0000005ea30fd780
Event: 106.942 Thread 0x00000205605ffae0 DEOPT UNPACKING pc=0x000002054d92d429 sp=0x0000005ea30fd6e0 mode 2
Event: 106.948 Thread 0x00000205605ffae0 Uncommon trap: trap_request=0xffffff45 fr.pc=0x0000020555484a34 relative=0x0000000000000474
Event: 106.949 Thread 0x00000205605ffae0 Uncommon trap: reason=unstable_if action=reinterpret pc=0x0000020555484a34 method=sun.nio.cs.UTF_8$Decoder.decodeArrayLoop(Ljava/nio/ByteBuffer;Ljava/nio/CharBuffer;)Ljava/nio/charset/CoderResult; @ 110 c2
Event: 106.949 Thread 0x00000205605ffae0 DEOPT PACKING pc=0x0000020555484a34 sp=0x0000005ea30fd6d0
Event: 106.949 Thread 0x00000205605ffae0 DEOPT UNPACKING pc=0x000002054d92d429 sp=0x0000005ea30fd650 mode 2
Event: 107.264 Thread 0x00000205605ffae0 Uncommon trap: trap_request=0xffffff45 fr.pc=0x0000020555500fb0 relative=0x0000000000001830
Event: 107.264 Thread 0x00000205605ffae0 Uncommon trap: reason=unstable_if action=reinterpret pc=0x0000020555500fb0 method=sun.nio.cs.StreamDecoder.implRead([CII)I @ 71 c2
Event: 107.264 Thread 0x00000205605ffae0 DEOPT PACKING pc=0x0000020555500fb0 sp=0x0000005ea30fda40
Event: 107.264 Thread 0x00000205605ffae0 DEOPT UNPACKING pc=0x000002054d92d429 sp=0x0000005ea30fd868 mode 2
Event: 107.446 Thread 0x00000205605ffae0 Uncommon trap: trap_request=0xffffff45 fr.pc=0x000002055543e350 relative=0x00000000000002b0
Event: 107.446 Thread 0x00000205605ffae0 Uncommon trap: reason=unstable_if action=reinterpret pc=0x000002055543e350 method=java.util.ArrayList.indexOfRange(Ljava/lang/Object;II)I @ 7 c2
Event: 107.446 Thread 0x00000205605ffae0 DEOPT PACKING pc=0x000002055543e350 sp=0x0000005ea30fdf50
Event: 107.446 Thread 0x00000205605ffae0 DEOPT UNPACKING pc=0x000002054d92d429 sp=0x0000005ea30fde20 mode 2

Classes unloaded (0 events):
No events

Classes redefined (0 events):
No events

Internal exceptions (20 events):
Event: 76.827 Thread 0x00000205606121e0 Exception <a 'java/lang/IncompatibleClassChangeError'{0x00000000ec3f2250}: Found class java.lang.Object, but interface was expected> (0x00000000ec3f2250) 
thrown [t:\workspace\open\src\hotspot\share\interpreter\linkResolver.cpp, line 857]
Event: 77.745 Thread 0x00000205606121e0 Exception <a 'java/io/FileNotFoundException'{0x00000000eae01888}> (0x00000000eae01888) 
thrown [t:\workspace\open\src\hotspot\share\prims\jni.cpp, line 579]
Event: 77.745 Thread 0x00000205606121e0 Exception <a 'java/io/FileNotFoundException'{0x00000000eae02a18}> (0x00000000eae02a18) 
thrown [t:\workspace\open\src\hotspot\share\prims\jni.cpp, line 579]
Event: 77.746 Thread 0x00000205606121e0 Exception <a 'java/io/FileNotFoundException'{0x00000000eae03bb0}> (0x00000000eae03bb0) 
thrown [t:\workspace\open\src\hotspot\share\prims\jni.cpp, line 579]
Event: 82.479 Thread 0x00000205606121e0 Exception <a 'java/lang/ClassNotFoundException'{0x00000000ec1be878}: com/sun/org/apache/xerces/internal/impl/msg/spi/DOMMessagesProvider> (0x00000000ec1be878) 
thrown [t:\workspace\open\src\hotspot\share\classfile\systemDictionary.cpp, line 256]
Event: 82.519 Thread 0x00000205606121e0 Exception <a 'java/lang/ClassNotFoundException'{0x00000000ec1d35e8}: com/sun/org/apache/xerces/internal/impl/msg/spi/XMLSerializerMessagesProvider> (0x00000000ec1d35e8) 
thrown [t:\workspace\open\src\hotspot\share\classfile\systemDictionary.cpp, line 256]
Event: 82.543 Thread 0x00000205606121e0 Exception <a 'java/lang/ClassNotFoundException'{0x00000000ec1deb20}: com/sun/org/apache/xerces/internal/impl/msg/spi/XMLMessagesProvider> (0x00000000ec1deb20) 
thrown [t:\workspace\open\src\hotspot\share\classfile\systemDictionary.cpp, line 256]
Event: 83.278 Thread 0x00000205606121e0 Exception <a 'sun/nio/fs/WindowsException'{0x00000000ec3846a8}> (0x00000000ec3846a8) 
thrown [t:\workspace\open\src\hotspot\share\prims\jni.cpp, line 579]
Event: 86.064 Thread 0x00000205606121e0 Exception <a 'java/lang/ClassNotFoundException'{0x00000000ead69b00}: com/sun/org/apache/xml/internal/serializer/spi/XMLEntitiesProvider> (0x00000000ead69b00) 
thrown [t:\workspace\open\src\hotspot\share\classfile\systemDictionary.cpp, line 256]
Event: 93.043 Thread 0x0000020560600ad0 Exception <a 'java/lang/NoSuchMethodError'{0x00000000eb80ba08}: 'void java.lang.invoke.DirectMethodHandle$Holder.invokeSpecial(java.lang.Object, java.lang.Object, java.lang.Object, int)'> (0x00000000eb80ba08) 
thrown [t:\workspace\open\src\hotspot\share\interpreter\linkResolver.cpp, line 790]
Event: 94.406 Thread 0x0000020560600ad0 Exception <a 'java/lang/NoSuchMethodError'{0x00000000eb988360}: static Lorg/eclipse/m2e/core/internal/lifecyclemapping/model/PluginExecutionMetadata;.<clinit>()V> (0x00000000eb988360) 
thrown [t:\workspace\open\src\hotspot\share\prims\jni.cpp, line 1210]
Event: 94.444 Thread 0x0000020560600ad0 Exception <a 'java/lang/NoSuchMethodError'{0x00000000eb9b3198}: static Lorg/eclipse/m2e/core/internal/lifecyclemapping/model/PluginExecutionFilter;.<clinit>()V> (0x00000000eb9b3198) 
thrown [t:\workspace\open\src\hotspot\share\prims\jni.cpp, line 1210]
Event: 96.413 Thread 0x00000205606121e0 Exception <a 'java/io/FileNotFoundException'{0x00000000eb320b68}> (0x00000000eb320b68) 
thrown [t:\workspace\open\src\hotspot\share\prims\jni.cpp, line 579]
Event: 96.859 Thread 0x00000205606121e0 Exception <a 'java/io/FileNotFoundException'{0x00000000ebb8a378}> (0x00000000ebb8a378) 
thrown [t:\workspace\open\src\hotspot\share\prims\jni.cpp, line 579]
Event: 96.880 Thread 0x00000205606121e0 Exception <a 'java/io/FileNotFoundException'{0x00000000ebbb4898}> (0x00000000ebbb4898) 
thrown [t:\workspace\open\src\hotspot\share\prims\jni.cpp, line 579]
Event: 100.343 Thread 0x00000205606121e0 Implicit null exception at 0x000002055548f7c8 to 0x0000020555490488
Event: 102.232 Thread 0x000002054615b4c0 Exception <a 'java/lang/NoSuchMethodError'{0x00000000eae06520}: 'java.lang.Object java.lang.invoke.DirectMethodHandle$Holder.newInvokeSpecial(java.lang.Object, java.lang.Object, java.lang.Object, java.lang.Object, java.lang.Object)'> (0x00000000eae06520) 
thrown [t:\workspace\open\src\hotspot\share\interpreter\linkResolver.cpp, line 790]
Event: 102.657 Thread 0x0000020560602560 Exception <a 'java/io/FileNotFoundException'{0x00000000eb0b81e8}> (0x00000000eb0b81e8) 
thrown [t:\workspace\open\src\hotspot\share\prims\jni.cpp, line 579]
Event: 104.100 Thread 0x0000020560602560 Exception <a 'java/lang/NoSuchMethodError'{0x00000000eb4088b8}: 'void java.lang.invoke.DirectMethodHandle$Holder.invokeStatic(java.lang.Object, java.lang.Object, java.lang.Object, java.lang.Object, java.lang.Object, java.lang.Object)'> (0x00000000eb4088b8) 
thrown [t:\workspace\open\src\hotspot\share\interpreter\linkResolver.cpp, line 790]
Event: 107.445 Thread 0x00000205605ffae0 Implicit null exception at 0x000002055543e0d7 to 0x000002055543e339

Events (20 events):
Event: 104.208 loading class java/util/concurrent/CancellationException
Event: 104.208 loading class java/util/concurrent/CancellationException done
Event: 104.467 loading class java/util/ServiceConfigurationError
Event: 104.511 Executing  VM operation: Cleanup
Event: 104.520 loading class java/util/ServiceConfigurationError done
Event: 104.527 Executing  VM operation: Cleanup done
Event: 105.717 loading class java/lang/annotation/IncompleteAnnotationException
Event: 105.863 loading class java/lang/annotation/IncompleteAnnotationException done
Event: 106.075 Executing  VM operation: HandshakeAllThreads
Event: 106.075 Executing  VM operation: HandshakeAllThreads done
Event: 106.075 Executing  VM operation: Cleanup
Event: 106.076 Executing  VM operation: Cleanup done
Event: 106.076 Executing  VM operation: HandshakeAllThreads
Event: 106.076 Executing  VM operation: HandshakeAllThreads done
Event: 106.083 loading class java/lang/Short$ShortCache
Event: 106.117 loading class java/lang/Short$ShortCache done
Event: 106.982 loading class jdk/internal/access/foreign/MemorySegmentProxy
Event: 106.983 loading class jdk/internal/access/foreign/MemorySegmentProxy done
Event: 107.077 Executing  VM operation: Cleanup
Event: 107.157 Executing  VM operation: Cleanup done


Dynamic libraries:
0x00007ff6b4860000 - 0x00007ff6b4870000 	C:\Program Files\Java\jdk-16.0.2\bin\java.exe
0x00007ffbb7a30000 - 0x00007ffbb7c25000 	C:\WINDOWS\SYSTEM32\ntdll.dll
0x00007ffbb6310000 - 0x00007ffbb63ce000 	C:\WINDOWS\System32\KERNEL32.DLL
0x00007ffbb51e0000 - 0x00007ffbb54a8000 	C:\WINDOWS\System32\KERNELBASE.dll
0x00007ffbb54b0000 - 0x00007ffbb55b0000 	C:\WINDOWS\System32\ucrtbase.dll
0x00007ffbb0c50000 - 0x00007ffbb0c68000 	C:\Program Files\Java\jdk-16.0.2\bin\jli.dll
0x00007ffbb75f0000 - 0x00007ffbb769c000 	C:\WINDOWS\System32\ADVAPI32.dll
0x00007ffbb5d00000 - 0x00007ffbb5d9e000 	C:\WINDOWS\System32\msvcrt.dll
0x00007ffbb7550000 - 0x00007ffbb75eb000 	C:\WINDOWS\System32\sechost.dll
0x00007ffbb5bd0000 - 0x00007ffbb5cfa000 	C:\WINDOWS\System32\RPCRT4.dll
0x00007ffbb7140000 - 0x00007ffbb72e1000 	C:\WINDOWS\System32\USER32.dll
0x00007ffbb5610000 - 0x00007ffbb5632000 	C:\WINDOWS\System32\win32u.dll
0x00007ffbb5ba0000 - 0x00007ffbb5bcb000 	C:\WINDOWS\System32\GDI32.dll
0x00007ffbb5970000 - 0x00007ffbb5a7b000 	C:\WINDOWS\System32\gdi32full.dll
0x00007ffbb58a0000 - 0x00007ffbb593d000 	C:\WINDOWS\System32\msvcp_win.dll
0x00007ffba8d40000 - 0x00007ffba8d59000 	C:\Program Files\Java\jdk-16.0.2\bin\VCRUNTIME140.dll
0x00007ffba43b0000 - 0x00007ffba464a000 	C:\WINDOWS\WinSxS\amd64_microsoft.windows.common-controls_6595b64144ccf1df_6.0.19041.1110_none_60b5254171f9507e\COMCTL32.dll
0x00007ffba4650000 - 0x00007ffba465a000 	C:\WINDOWS\SYSTEM32\VERSION.dll
0x00007ffbb5a80000 - 0x00007ffbb5ab0000 	C:\WINDOWS\System32\IMM32.DLL
0x00007ffbaeb70000 - 0x00007ffbaeb7c000 	C:\Program Files\Java\jdk-16.0.2\bin\vcruntime140_1.dll
0x00007ffba2cf0000 - 0x00007ffba2d81000 	C:\Program Files\Java\jdk-16.0.2\bin\msvcp140.dll
0x00007ffb8a720000 - 0x00007ffb8b2cb000 	C:\Program Files\Java\jdk-16.0.2\bin\server\jvm.dll
0x00007ffbb70d0000 - 0x00007ffbb70d8000 	C:\WINDOWS\System32\PSAPI.DLL
0x00007ffbb2950000 - 0x00007ffbb2959000 	C:\WINDOWS\SYSTEM32\WSOCK32.dll
0x00007ffbb74e0000 - 0x00007ffbb754b000 	C:\WINDOWS\System32\WS2_32.dll
0x00007ffb9f400000 - 0x00007ffb9f427000 	C:\WINDOWS\SYSTEM32\WINMM.dll
0x00007ffbb3050000 - 0x00007ffbb3062000 	C:\WINDOWS\SYSTEM32\kernel.appcore.dll
0x00007ffba78d0000 - 0x00007ffba78da000 	C:\Program Files\Java\jdk-16.0.2\bin\jimage.dll
0x00007ffba4cd0000 - 0x00007ffba4eb4000 	C:\WINDOWS\SYSTEM32\DBGHELP.DLL
0x00007ffba4c70000 - 0x00007ffba4c9c000 	C:\WINDOWS\SYSTEM32\dbgcore.DLL
0x00007ffbb5150000 - 0x00007ffbb51d3000 	C:\WINDOWS\System32\bcryptPrimitives.dll
0x00007ffba8980000 - 0x00007ffba89a5000 	C:\Program Files\Java\jdk-16.0.2\bin\java.dll
0x00007ffbb6930000 - 0x00007ffbb706f000 	C:\WINDOWS\System32\SHELL32.dll
0x00007ffbb3250000 - 0x00007ffbb39e0000 	C:\WINDOWS\SYSTEM32\windows.storage.dll
0x00007ffbb5da0000 - 0x00007ffbb60f5000 	C:\WINDOWS\System32\combase.dll
0x00007ffbb4ad0000 - 0x00007ffbb4afe000 	C:\WINDOWS\SYSTEM32\Wldp.dll
0x00007ffbb63d0000 - 0x00007ffbb647d000 	C:\WINDOWS\System32\SHCORE.dll
0x00007ffbb5b40000 - 0x00007ffbb5b95000 	C:\WINDOWS\System32\shlwapi.dll
0x00007ffbb5090000 - 0x00007ffbb50af000 	C:\WINDOWS\SYSTEM32\profapi.dll
0x00007ffba4390000 - 0x00007ffba43a9000 	C:\Program Files\Java\jdk-16.0.2\bin\net.dll
0x00007ffbaa990000 - 0x00007ffbaaa9c000 	C:\WINDOWS\SYSTEM32\WINHTTP.dll
0x00007ffbb4830000 - 0x00007ffbb489a000 	C:\WINDOWS\system32\mswsock.dll
0x00007ffba2dd0000 - 0x00007ffba2de3000 	C:\Program Files\Java\jdk-16.0.2\bin\nio.dll
0x00007ffba2d90000 - 0x00007ffba2da8000 	C:\Program Files\Java\jdk-16.0.2\bin\zip.dll
0x00007ffbb4a20000 - 0x00007ffbb4a38000 	C:\WINDOWS\SYSTEM32\CRYPTSP.dll
0x00007ffbb41b0000 - 0x00007ffbb41e4000 	C:\WINDOWS\system32\rsaenh.dll
0x00007ffbb5940000 - 0x00007ffbb5967000 	C:\WINDOWS\System32\bcrypt.dll
0x00007ffbb5050000 - 0x00007ffbb507e000 	C:\WINDOWS\SYSTEM32\USERENV.dll
0x00007ffbb4a40000 - 0x00007ffbb4a4c000 	C:\WINDOWS\SYSTEM32\CRYPTBASE.dll
0x00007ffbb4520000 - 0x00007ffbb455b000 	C:\WINDOWS\SYSTEM32\IPHLPAPI.DLL
0x00007ffbb76a0000 - 0x00007ffbb76a8000 	C:\WINDOWS\System32\NSI.dll
0x00007ffbaa8c0000 - 0x00007ffbaa8d7000 	C:\WINDOWS\SYSTEM32\dhcpcsvc6.DLL
0x00007ffbaabe0000 - 0x00007ffbaabfd000 	C:\WINDOWS\SYSTEM32\dhcpcsvc.DLL
0x00007ffbb4560000 - 0x00007ffbb462b000 	C:\WINDOWS\SYSTEM32\DNSAPI.dll
0x00007ffba8d70000 - 0x00007ffba8dae000 	C:\Users\Marcos\AppData\Roaming\Code\User\globalStorage\redhat.java\1.1.0\config_win\org.eclipse.equinox.launcher\org.eclipse.equinox.launcher.win32.win32.x86_64_1.2.400.v20211116-1129\eclipse_11601.dll
0x00007ffbb76b0000 - 0x00007ffbb77da000 	C:\WINDOWS\System32\ole32.dll
0x00007ffba4330000 - 0x00007ffba4340000 	C:\Program Files\Java\jdk-16.0.2\bin\verify.dll
0x00007ffbadc20000 - 0x00007ffbadc31000 	C:\Users\Marcos\AppData\Roaming\Code\User\globalStorage\redhat.java\1.1.0\config_win\org.eclipse.osgi\23\0\.cp\jWinHttp-1.0.0.dll

dbghelp: loaded successfully - version: 4.0.5 - missing functions: none
symbol engine: initialized successfully - sym options: 0x614 - pdb path: .;C:\Program Files\Java\jdk-16.0.2\bin;C:\WINDOWS\SYSTEM32;C:\WINDOWS\WinSxS\amd64_microsoft.windows.common-controls_6595b64144ccf1df_6.0.19041.1110_none_60b5254171f9507e;C:\Program Files\Java\jdk-16.0.2\bin\server;C:\Users\Marcos\AppData\Roaming\Code\User\globalStorage\redhat.java\1.1.0\config_win\org.eclipse.equinox.launcher\org.eclipse.equinox.launcher.win32.win32.x86_64_1.2.400.v20211116-1129;C:\Users\Marcos\AppData\Roaming\Code\User\globalStorage\redhat.java\1.1.0\config_win\org.eclipse.osgi\23\0\.cp

VM Arguments:
jvm_args: --add-modules=ALL-SYSTEM --add-opens=java.base/java.util=ALL-UNNAMED --add-opens=java.base/java.lang=ALL-UNNAMED -Declipse.application=org.eclipse.jdt.ls.core.id1 -Dosgi.bundles.defaultStartLevel=4 -Declipse.product=org.eclipse.jdt.ls.core.product -Djava.import.generatesMetadataFilesAtProjectRoot=false -Dfile.encoding=utf8 -DwatchParentProcess=false -XX:+UseParallelGC -XX:GCTimeRatio=4 -XX:AdaptiveSizePolicyWeight=90 -Dsun.zip.disableMemoryMapping=true -Xmx1G -Xms100m -XX:+HeapDumpOnOutOfMemoryError -XX:HeapDumpPath=c:\Users\Marcos\AppData\Roaming\Code\User\workspaceStorage\40249ffea82ebe0c124a9c6399a888b7\redhat.java 
java_command: c:\Users\Marcos\.vscode\extensions\redhat.java-1.1.0\server\plugins\org.eclipse.equinox.launcher_1.6.400.v20210924-0641.jar -configuration c:\Users\Marcos\AppData\Roaming\Code\User\globalStorage\redhat.java\1.1.0\config_win -data c:\Users\Marcos\AppData\Roaming\Code\User\workspaceStorage\40249ffea82ebe0c124a9c6399a888b7\redhat.java\jdt_ws
java_class_path (initial): c:\Users\Marcos\.vscode\extensions\redhat.java-1.1.0\server\plugins\org.eclipse.equinox.launcher_1.6.400.v20210924-0641.jar
Launcher Type: SUN_STANDARD

[Global flags]
    uintx AdaptiveSizePolicyWeight                 = 90                                        {product} {command line}
     intx CICompilerCount                          = 2                                         {product} {ergonomic}
    uintx GCTimeRatio                              = 4                                         {product} {command line}
     bool HeapDumpOnOutOfMemoryError               = true                                   {manageable} {command line}
    ccstr HeapDumpPath                             = c:\Users\Marcos\AppData\Roaming\Code\User\workspaceStorage\40249ffea82ebe0c124a9c6399a888b7\redhat.java         {manageable} {command line}
   size_t InitialHeapSize                          = 104857600                                 {product} {command line}
   size_t MaxHeapSize                              = 1073741824                                {product} {command line}
   size_t MaxNewSize                               = 357564416                                 {product} {ergonomic}
   size_t MinHeapDeltaBytes                        = 524288                                    {product} {ergonomic}
   size_t MinHeapSize                              = 104857600                                 {product} {command line}
   size_t NewSize                                  = 34603008                                  {product} {ergonomic}
    uintx NonNMethodCodeHeapSize                   = 5826188                                {pd product} {ergonomic}
    uintx NonProfiledCodeHeapSize                  = 122916026                              {pd product} {ergonomic}
   size_t OldSize                                  = 70254592                                  {product} {ergonomic}
    uintx ProfiledCodeHeapSize                     = 122916026                              {pd product} {ergonomic}
    uintx ReservedCodeCacheSize                    = 251658240                              {pd product} {ergonomic}
     bool SegmentedCodeCache                       = true                                      {product} {ergonomic}
   size_t SoftMaxHeapSize                          = 1073741824                             {manageable} {ergonomic}
     bool UseCompressedClassPointers               = true                           {product lp64_product} {ergonomic}
     bool UseCompressedOops                        = true                           {product lp64_product} {ergonomic}
     bool UseLargePagesIndividualAllocation        = false                                  {pd product} {ergonomic}
     bool UseParallelGC                            = true                                      {product} {command line}

Logging:
Log output configuration:
 #0: stdout all=warning uptime,level,tags
 #1: stderr all=off uptime,level,tags

Environment Variables:
PATH=C:\Python310\Scripts\;C:\Python310\;C:\Program Files\Common Files\Oracle\Java\javapath;C:\ProgramData\Oracle\Java\javapath;C:\Program Files\Java\jdk1.8.0_241\bin;C:\WINDOWS\system32;C:\WINDOWS;C:\WINDOWS\System32\Wbem;C:\WINDOWS\System32\WindowsPowerShell\v1.0\;C:\WINDOWS\System32\OpenSSH\;C:\Program Files\nodejs\;C:\ProgramData\chocolatey\bin;C:\Program Files\Git\cmd;C:\Users\Marcos\AppData\Local\Microsoft\WindowsApps;C:\Program Files\Java\jdk1.8.0_112\bin;;C:\Users\Marcos\AppData\Local\Programs\Microsoft VS Code\bin;C:\Users\Marcos\AppData\Roaming\npm
USERNAME=Marcos
OS=Windows_NT
PROCESSOR_IDENTIFIER=Intel64 Family 6 Model 55 Stepping 8, GenuineIntel



---------------  S Y S T E M  ---------------

OS:
 Windows 10 , 64 bit Build 19041 (10.0.19041.1348)
OS uptime: 2 days 15:57 hours

CPU: total 2 (initial active 2) (2 cores per cpu, 1 threads per core) family 6 model 55 stepping 8 microcode 0x838, cx8, cmov, fxsr, mmx, 3dnowpref, sse, sse2, sse3, ssse3, sse4.1, sse4.2, popcnt, tsc, tscinvbit, erms, clmul, clflush

Memory: 4k page, system-wide physical 3973M (339M free)
TotalPageFile size 6757M (AvailPageFile size 89M)
current process WorkingSet (physical memory assigned to process): 144M, peak: 157M
current process commit charge ("private bytes"): 239M, peak: 249M

vm_info: Java HotSpot(TM) 64-Bit Server VM (16.0.2+7-67) for windows-amd64 JRE (16.0.2+7-67), built on Jun  8 2021 23:24:19 by "mach5one" with MS VC++ 16.7 (VS2019)

END.
