#
# There is insufficient memory for the Java Runtime Environment to continue.
# Native memory allocation (mmap) failed to map 46137344 bytes for G1 virtual space
# Possible reasons:
#   The system is out of physical RAM or swap space
#   The process is running with CompressedOops enabled, and the Java Heap may be blocking the growth of the native heap
# Possible solutions:
#   Reduce memory load on the system
#   Increase physical memory or swap space
#   Check if swap backing store is full
#   Decrease Java heap size (-Xmx/-Xms)
#   Decrease number of Java threads
#   Decrease Java thread stack sizes (-Xss)
#   Set larger code cache with -XX:ReservedCodeCacheSize=
#   JVM is running with Unscaled Compressed Oops mode in which the Java heap is
#     placed in the first 4GB address space. The Java Heap base address is the
#     maximum limit for the native heap growth. Please use -XX:HeapBaseMinAddress
#     to set the Java Heap base and to place the Java Heap above 4GB virtual address.
# This output file may be truncated or incomplete.
#
#  Out of Memory Error (os_windows.cpp:3469), pid=9928, tid=6496
#
# JRE version: OpenJDK Runtime Environment Temurin-17.0.1+12 (17.0.1+12) (build 17.0.1+12)
# Java VM: OpenJDK 64-Bit Server VM Temurin-17.0.1+12 (17.0.1+12, mixed mode, sharing, tiered, compressed oops, compressed class ptrs, g1 gc, windows-amd64)
# No core dump will be written. Minidumps are not enabled by default on client versions of Windows
#

---------------  S U M M A R Y ------------

Command Line: -javaagent:C:\Program Files\JetBrains\IntelliJ IDEA Community Edition 2021.2.3\lib\idea_rt.jar=1144:C:\Program Files\JetBrains\IntelliJ IDEA Community Edition 2021.2.3\bin -Dfile.encoding=UTF-8 dev.facturador.FacturadorMasMasApplication

Host: Intel(R) Celeron(R) CPU  N2808  @ 1.58GHz, 2 cores, 3G,  Windows 10 , 64 bit Build 19041 (10.0.19041.1566)
Time: Thu Mar 31 11:12:28 2022 Hora estándar de Argentina elapsed time: 74.866713 seconds (0d 0h 1m 14s)

---------------  T H R E A D  ---------------

Current thread (0x0000023c5385ca10):  VMThread "VM Thread" [stack: 0x0000004659600000,0x0000004659700000] [id=6496]

Stack: [0x0000004659600000,0x0000004659700000]
Native frames: (J=compiled Java code, j=interpreted, Vv=VM code, C=native code)
V  [jvm.dll+0x6744da]
V  [jvm.dll+0x82e144]
V  [jvm.dll+0x82f8ee]
V  [jvm.dll+0x82ff53]
V  [jvm.dll+0x245175]
V  [jvm.dll+0x6714c9]
V  [jvm.dll+0x665f92]
V  [jvm.dll+0x303c3b]
V  [jvm.dll+0x30b176]
V  [jvm.dll+0x35af1e]
V  [jvm.dll+0x35b14f]
V  [jvm.dll+0x2dab78]
V  [jvm.dll+0x2d8e2c]
V  [jvm.dll+0x2d83fc]
V  [jvm.dll+0x31c24b]
V  [jvm.dll+0x8343bb]
V  [jvm.dll+0x8350f4]
V  [jvm.dll+0x83560c]
V  [jvm.dll+0x8359e4]
V  [jvm.dll+0x835ab0]
V  [jvm.dll+0x7de51a]
V  [jvm.dll+0x673305]
C  [ucrtbase.dll+0x21bb2]
C  [KERNEL32.DLL+0x17034]
C  [ntdll.dll+0x52651]

VM_Operation (0x000000465a6fcda0): G1CollectForAllocation, mode: safepoint, requested by thread 0x0000023c5394e990


---------------  P R O C E S S  ---------------

Threads class SMR info:
_java_thread_list=0x0000023c5539fc70, length=18, elements={
0x0000023c3896ece0, 0x0000023c53862580, 0x0000023c53863300, 0x0000023c53875a70,
0x0000023c53878440, 0x0000023c53878d00, 0x0000023c538795c0, 0x0000023c5387a260,
0x0000023c5387dc30, 0x0000023c538e9860, 0x0000023c5384c170, 0x0000023c548210a0,
0x0000023c54821570, 0x0000023c538ca340, 0x0000023c5394e990, 0x0000023c5a3e7a80,
0x0000023c56e64100, 0x0000023c5a3273b0
}

Java Threads: ( => current thread )
  0x0000023c3896ece0 JavaThread "main" [_thread_blocked, id=10660, stack(0x0000004659000000,0x0000004659100000)]
  0x0000023c53862580 JavaThread "Reference Handler" daemon [_thread_blocked, id=7492, stack(0x0000004659700000,0x0000004659800000)]
  0x0000023c53863300 JavaThread "Finalizer" daemon [_thread_blocked, id=5556, stack(0x0000004659800000,0x0000004659900000)]
  0x0000023c53875a70 JavaThread "Signal Dispatcher" daemon [_thread_blocked, id=6840, stack(0x0000004659900000,0x0000004659a00000)]
  0x0000023c53878440 JavaThread "Attach Listener" daemon [_thread_blocked, id=5116, stack(0x0000004659a00000,0x0000004659b00000)]
  0x0000023c53878d00 JavaThread "Service Thread" daemon [_thread_blocked, id=7844, stack(0x0000004659b00000,0x0000004659c00000)]
  0x0000023c538795c0 JavaThread "Monitor Deflation Thread" daemon [_thread_blocked, id=8740, stack(0x0000004659c00000,0x0000004659d00000)]
  0x0000023c5387a260 JavaThread "C2 CompilerThread0" daemon [_thread_blocked, id=9352, stack(0x0000004659d00000,0x0000004659e00000)]
  0x0000023c5387dc30 JavaThread "C1 CompilerThread0" daemon [_thread_blocked, id=7516, stack(0x0000004659e00000,0x0000004659f00000)]
  0x0000023c538e9860 JavaThread "Sweeper thread" daemon [_thread_blocked, id=9668, stack(0x0000004659f00000,0x000000465a000000)]
  0x0000023c5384c170 JavaThread "Common-Cleaner" daemon [_thread_blocked, id=6764, stack(0x000000465a000000,0x000000465a100000)]
  0x0000023c548210a0 JavaThread "Monitor Ctrl-Break" daemon [_thread_in_native, id=376, stack(0x000000465a200000,0x000000465a300000)]
  0x0000023c54821570 JavaThread "Notification Thread" daemon [_thread_blocked, id=9892, stack(0x000000465a300000,0x000000465a400000)]
  0x0000023c538ca340 JavaThread "Thread-0" [_thread_blocked, id=8888, stack(0x000000465a500000,0x000000465a600000)]
  0x0000023c5394e990 JavaThread "restartedMain" [_thread_blocked, id=9156, stack(0x000000465a600000,0x000000465a700000)]
  0x0000023c5a3e7a80 JavaThread "Catalina-utility-1" [_thread_blocked, id=7204, stack(0x000000465a900000,0x000000465aa00000)]
  0x0000023c56e64100 JavaThread "Catalina-utility-2" [_thread_blocked, id=7020, stack(0x000000465aa00000,0x000000465ab00000)]
  0x0000023c5a3273b0 JavaThread "container-0" [_thread_blocked, id=32, stack(0x000000465ab00000,0x000000465ac00000)]

Other Threads:
=>0x0000023c5385ca10 VMThread "VM Thread" [stack: 0x0000004659600000,0x0000004659700000] [id=6496]
  0x0000023c54542260 WatcherThread [stack: 0x000000465a400000,0x000000465a500000] [id=10548]
  0x0000023c3899ae50 GCTaskThread "GC Thread#0" [stack: 0x0000004659100000,0x0000004659200000] [id=7796]
  0x0000023c545be500 GCTaskThread "GC Thread#1" [stack: 0x000000465a100000,0x000000465a200000] [id=7788]
  0x0000023c389a38e0 ConcurrentGCThread "G1 Main Marker" [stack: 0x0000004659200000,0x0000004659300000] [id=10404]
  0x0000023c389a4200 ConcurrentGCThread "G1 Conc#0" [stack: 0x0000004659300000,0x0000004659400000] [id=10832]
  0x0000023c389ebd80 ConcurrentGCThread "G1 Refine#0" [stack: 0x0000004659400000,0x0000004659500000] [id=11200]
  0x0000023c56e66ad0 ConcurrentGCThread "G1 Refine#1" [stack: 0x0000004658d00000,0x0000004658e00000] [id=172]
  0x0000023c389ec6b0 ConcurrentGCThread "G1 Service" [stack: 0x0000004659500000,0x0000004659600000] [id=2308]

Threads with active compile tasks:
C2 CompilerThread0    75482 4320   !   4       org.springframework.core.annotation.AnnotationsScanner::processMethodHierarchy (276 bytes)

VM state: at safepoint (normal execution)

VM Mutex/Monitor currently owned by a thread:  ([mutex/lock_event])
[0x0000023c38969350] Threads_lock - owner thread: 0x0000023c5385ca10
[0x0000023c38968f60] Heap_lock - owner thread: 0x0000023c5394e990

Heap address: 0x00000000c1e00000, size: 994 MB, Compressed Oops mode: 32-bit

CDS archive(s) mapped at: [0x0000000800000000-0x0000000800bc0000-0x0000000800bc0000), size 12320768, SharedBaseAddress: 0x0000000800000000, ArchiveRelocationMode: 0.
Compressed class space mapped at: 0x0000000800c00000-0x0000000840c00000, reserved size: 1073741824
Narrow klass base: 0x0000000800000000, Narrow klass shift: 0, Narrow klass range: 0x100000000

GC Precious Log:
 CPUs: 2 total, 2 available
 Memory: 3973M
 Large Page Support: Disabled
 NUMA Support: Disabled
 Compressed Oops: Enabled (32-bit)
 Heap Region Size: 1M
 Heap Min Capacity: 8M
 Heap Initial Capacity: 64M
 Heap Max Capacity: 994M
 Pre-touch: Disabled
 Parallel Workers: 2
 Concurrent Workers: 1
 Concurrent Refinement Workers: 2
 Periodic GC: Disabled

Heap:
 garbage-first heap   total 65536K, used 22617K [0x00000000c1e00000, 0x0000000100000000)
  region size 1024K, 1 young (1024K), 1 survivors (1024K)
 Metaspace       used 34073K, committed 34368K, reserved 1081344K
  class space    used 4451K, committed 4608K, reserved 1048576K

Heap Regions: E=young(eden), S=young(survivor), O=old, HS=humongous(starts), HC=humongous(continues), CS=collection set, F=free, OA=open archive, CA=closed archive, TAMS=top-at-mark-start (previous, next)
|   0|0x00000000c1e00000, 0x00000000c1f00000, 0x00000000c1f00000|100%| O|  |TAMS 0x00000000c1f00000, 0x00000000c1e00000| Untracked 
|   1|0x00000000c1f00000, 0x00000000c2000000, 0x00000000c2000000|100%| O|  |TAMS 0x00000000c2000000, 0x00000000c1f00000| Untracked 
|   2|0x00000000c2000000, 0x00000000c2100000, 0x00000000c2100000|100%| O|  |TAMS 0x00000000c2100000, 0x00000000c2000000| Untracked 
|   3|0x00000000c2100000, 0x00000000c2200000, 0x00000000c2200000|100%| O|  |TAMS 0x00000000c2200000, 0x00000000c2100000| Untracked 
|   4|0x00000000c2200000, 0x00000000c2300000, 0x00000000c2300000|100%|HS|  |TAMS 0x00000000c2300000, 0x00000000c2200000| Complete 
|   5|0x00000000c2300000, 0x00000000c2400000, 0x00000000c2400000|100%| O|  |TAMS 0x00000000c2400000, 0x00000000c2300000| Untracked 
|   6|0x00000000c2400000, 0x00000000c2500000, 0x00000000c2500000|100%| O|  |TAMS 0x00000000c2500000, 0x00000000c2400000| Untracked 
|   7|0x00000000c2500000, 0x00000000c2600000, 0x00000000c2600000|100%| O|  |TAMS 0x00000000c2600000, 0x00000000c2500000| Untracked 
|   8|0x00000000c2600000, 0x00000000c2700000, 0x00000000c2700000|100%| O|  |TAMS 0x00000000c2700000, 0x00000000c2600000| Untracked 
|   9|0x00000000c2700000, 0x00000000c2800000, 0x00000000c2800000|100%| O|  |TAMS 0x00000000c2800000, 0x00000000c2700000| Untracked 
|  10|0x00000000c2800000, 0x00000000c2900000, 0x00000000c2900000|100%| O|  |TAMS 0x00000000c2900000, 0x00000000c2800000| Untracked 
|  11|0x00000000c2900000, 0x00000000c29ae000, 0x00000000c2a00000| 67%| O|  |TAMS 0x00000000c29ae000, 0x00000000c2900000| Untracked 
|  12|0x00000000c2a00000, 0x00000000c2b00000, 0x00000000c2b00000|100%| O|  |TAMS 0x00000000c2a00000, 0x00000000c2a00000| Untracked 
|  13|0x00000000c2b00000, 0x00000000c2c00000, 0x00000000c2c00000|100%| O|  |TAMS 0x00000000c2b00000, 0x00000000c2b00000| Untracked 
|  14|0x00000000c2c00000, 0x00000000c2d00000, 0x00000000c2d00000|100%| O|  |TAMS 0x00000000c2c00000, 0x00000000c2c00000| Untracked 
|  15|0x00000000c2d00000, 0x00000000c2e00000, 0x00000000c2e00000|100%| O|  |TAMS 0x00000000c2d00000, 0x00000000c2d00000| Untracked 
|  16|0x00000000c2e00000, 0x00000000c2f00000, 0x00000000c2f00000|100%| O|  |TAMS 0x00000000c2e00000, 0x00000000c2e00000| Untracked 
|  17|0x00000000c2f00000, 0x00000000c3000000, 0x00000000c3000000|100%| O|  |TAMS 0x00000000c2f00000, 0x00000000c2f00000| Untracked 
|  18|0x00000000c3000000, 0x00000000c3100000, 0x00000000c3100000|100%| O|  |TAMS 0x00000000c3000000, 0x00000000c3000000| Untracked 
|  19|0x00000000c3100000, 0x00000000c3200000, 0x00000000c3200000|100%| O|  |TAMS 0x00000000c3100000, 0x00000000c3100000| Untracked 
|  20|0x00000000c3200000, 0x00000000c3300000, 0x00000000c3300000|100%| O|  |TAMS 0x00000000c3200000, 0x00000000c3200000| Untracked 
|  21|0x00000000c3300000, 0x00000000c33e1200, 0x00000000c3400000| 87%| O|  |TAMS 0x00000000c3300000, 0x00000000c3300000| Untracked 
|  22|0x00000000c3400000, 0x00000000c3400000, 0x00000000c3500000|  0%| F|  |TAMS 0x00000000c3400000, 0x00000000c3400000| Untracked 
|  23|0x00000000c3500000, 0x00000000c3500000, 0x00000000c3600000|  0%| F|  |TAMS 0x00000000c3500000, 0x00000000c3500000| Untracked 
|  24|0x00000000c3600000, 0x00000000c3600000, 0x00000000c3700000|  0%| F|  |TAMS 0x00000000c3600000, 0x00000000c3600000| Untracked 
|  25|0x00000000c3700000, 0x00000000c3700000, 0x00000000c3800000|  0%| F|  |TAMS 0x00000000c3700000, 0x00000000c3700000| Untracked 
|  26|0x00000000c3800000, 0x00000000c3800000, 0x00000000c3900000|  0%| F|  |TAMS 0x00000000c3800000, 0x00000000c3800000| Untracked 
|  27|0x00000000c3900000, 0x00000000c3900000, 0x00000000c3a00000|  0%| F|  |TAMS 0x00000000c3900000, 0x00000000c3900000| Untracked 
|  28|0x00000000c3a00000, 0x00000000c3a00000, 0x00000000c3b00000|  0%| F|  |TAMS 0x00000000c3a00000, 0x00000000c3a00000| Untracked 
|  29|0x00000000c3b00000, 0x00000000c3b00000, 0x00000000c3c00000|  0%| F|  |TAMS 0x00000000c3b00000, 0x00000000c3b00000| Untracked 
|  30|0x00000000c3c00000, 0x00000000c3c87450, 0x00000000c3d00000| 52%| S|CS|TAMS 0x00000000c3c00000, 0x00000000c3c00000| Complete 
|  31|0x00000000c3d00000, 0x00000000c3d00000, 0x00000000c3e00000|  0%| F|  |TAMS 0x00000000c3d00000, 0x00000000c3d00000| Untracked 
|  32|0x00000000c3e00000, 0x00000000c3e00000, 0x00000000c3f00000|  0%| F|  |TAMS 0x00000000c3e00000, 0x00000000c3e00000| Untracked 
|  33|0x00000000c3f00000, 0x00000000c3f00000, 0x00000000c4000000|  0%| F|  |TAMS 0x00000000c3f00000, 0x00000000c3f00000| Untracked 
|  34|0x00000000c4000000, 0x00000000c4000000, 0x00000000c4100000|  0%| F|  |TAMS 0x00000000c4000000, 0x00000000c4000000| Untracked 
|  35|0x00000000c4100000, 0x00000000c4100000, 0x00000000c4200000|  0%| F|  |TAMS 0x00000000c4100000, 0x00000000c4100000| Untracked 
|  36|0x00000000c4200000, 0x00000000c4200000, 0x00000000c4300000|  0%| F|  |TAMS 0x00000000c4200000, 0x00000000c4200000| Untracked 
|  37|0x00000000c4300000, 0x00000000c4300000, 0x00000000c4400000|  0%| F|  |TAMS 0x00000000c4300000, 0x00000000c4300000| Untracked 
|  38|0x00000000c4400000, 0x00000000c4400000, 0x00000000c4500000|  0%| F|  |TAMS 0x00000000c4400000, 0x00000000c4400000| Untracked 
|  39|0x00000000c4500000, 0x00000000c4500000, 0x00000000c4600000|  0%| F|  |TAMS 0x00000000c4500000, 0x00000000c4500000| Untracked 
|  40|0x00000000c4600000, 0x00000000c4600000, 0x00000000c4700000|  0%| F|  |TAMS 0x00000000c4600000, 0x00000000c4600000| Untracked 
|  41|0x00000000c4700000, 0x00000000c4700000, 0x00000000c4800000|  0%| F|  |TAMS 0x00000000c4700000, 0x00000000c4700000| Untracked 
|  42|0x00000000c4800000, 0x00000000c4800000, 0x00000000c4900000|  0%| F|  |TAMS 0x00000000c4800000, 0x00000000c4800000| Untracked 
|  43|0x00000000c4900000, 0x00000000c4900000, 0x00000000c4a00000|  0%| F|  |TAMS 0x00000000c4900000, 0x00000000c4900000| Untracked 
|  44|0x00000000c4a00000, 0x00000000c4a00000, 0x00000000c4b00000|  0%| F|  |TAMS 0x00000000c4a00000, 0x00000000c4a00000| Untracked 
|  45|0x00000000c4b00000, 0x00000000c4b00000, 0x00000000c4c00000|  0%| F|  |TAMS 0x00000000c4b00000, 0x00000000c4b00000| Untracked 
|  46|0x00000000c4c00000, 0x00000000c4c00000, 0x00000000c4d00000|  0%| F|  |TAMS 0x00000000c4c00000, 0x00000000c4c00000| Untracked 
|  47|0x00000000c4d00000, 0x00000000c4d00000, 0x00000000c4e00000|  0%| F|  |TAMS 0x00000000c4d00000, 0x00000000c4d00000| Untracked 
|  48|0x00000000c4e00000, 0x00000000c4e00000, 0x00000000c4f00000|  0%| F|  |TAMS 0x00000000c4e00000, 0x00000000c4e00000| Untracked 
|  49|0x00000000c4f00000, 0x00000000c4f00000, 0x00000000c5000000|  0%| F|  |TAMS 0x00000000c4f00000, 0x00000000c4f00000| Untracked 
|  50|0x00000000c5000000, 0x00000000c5000000, 0x00000000c5100000|  0%| F|  |TAMS 0x00000000c5000000, 0x00000000c5000000| Untracked 
|  51|0x00000000c5100000, 0x00000000c5100000, 0x00000000c5200000|  0%| F|  |TAMS 0x00000000c5100000, 0x00000000c5100000| Untracked 
|  52|0x00000000c5200000, 0x00000000c5200000, 0x00000000c5300000|  0%| F|  |TAMS 0x00000000c5200000, 0x00000000c5200000| Untracked 
|  53|0x00000000c5300000, 0x00000000c5300000, 0x00000000c5400000|  0%| F|  |TAMS 0x00000000c5300000, 0x00000000c5300000| Untracked 
|  54|0x00000000c5400000, 0x00000000c5400000, 0x00000000c5500000|  0%| F|  |TAMS 0x00000000c5400000, 0x00000000c5400000| Untracked 
|  55|0x00000000c5500000, 0x00000000c5500000, 0x00000000c5600000|  0%| F|  |TAMS 0x00000000c5500000, 0x00000000c5500000| Untracked 
|  56|0x00000000c5600000, 0x00000000c5600000, 0x00000000c5700000|  0%| F|  |TAMS 0x00000000c5600000, 0x00000000c5600000| Untracked 
|  57|0x00000000c5700000, 0x00000000c5700000, 0x00000000c5800000|  0%| F|  |TAMS 0x00000000c5700000, 0x00000000c5700000| Untracked 
|  58|0x00000000c5800000, 0x00000000c5800000, 0x00000000c5900000|  0%| F|  |TAMS 0x00000000c5800000, 0x00000000c5800000| Untracked 
|  59|0x00000000c5900000, 0x00000000c5900000, 0x00000000c5a00000|  0%| F|  |TAMS 0x00000000c5900000, 0x00000000c5900000| Untracked 
|  60|0x00000000c5a00000, 0x00000000c5a00000, 0x00000000c5b00000|  0%| F|  |TAMS 0x00000000c5a00000, 0x00000000c5a00000| Untracked 
|  61|0x00000000c5b00000, 0x00000000c5b00000, 0x00000000c5c00000|  0%| F|  |TAMS 0x00000000c5b00000, 0x00000000c5b00000| Untracked 
|  62|0x00000000c5c00000, 0x00000000c5c00000, 0x00000000c5d00000|  0%| F|  |TAMS 0x00000000c5c00000, 0x00000000c5c00000| Untracked 
|  63|0x00000000c5d00000, 0x00000000c5d00000, 0x00000000c5e00000|  0%| F|  |TAMS 0x00000000c5d00000, 0x00000000c5d00000| Untracked 

Card table byte_map: [0x0000023c38740000,0x0000023c38940000] _byte_map_base: 0x0000023c38131000

Marking Bits (Prev, Next): (CMBitMap*) 0x0000023c3899b3b0, (CMBitMap*) 0x0000023c3899b370
 Prev Bits: [0x0000023c505c0000, 0x0000023c51548000)
 Next Bits: [0x0000023c4f630000, 0x0000023c505b8000)

Polling page: 0x0000023c36900000

Metaspace:

Usage:
  Non-class:     28.93 MB used.
      Class:      4.35 MB used.
       Both:     33.28 MB used.

Virtual space:
  Non-class space:       32.00 MB reserved,      29.06 MB ( 91%) committed,  4 nodes.
      Class space:        1.00 GB reserved,       4.50 MB ( <1%) committed,  1 nodes.
             Both:        1.03 GB reserved,      33.56 MB (  3%) committed. 

Chunk freelists:
   Non-Class:  2.14 MB
       Class:  3.45 MB
        Both:  5.59 MB

MaxMetaspaceSize: unlimited
CompressedClassSpaceSize: 1.00 GB
Initial GC threshold: 21.00 MB
Current GC threshold: 35.12 MB
CDS: on
MetaspaceReclaimPolicy: balanced
 - commit_granule_bytes: 65536.
 - commit_granule_words: 8192.
 - virtual_space_node_default_size: 1048576.
 - enlarge_chunks_in_place: 1.
 - new_chunks_are_fully_committed: 0.
 - uncommit_free_chunks: 1.
 - use_allocation_guard: 0.
 - handle_deallocations: 1.


Internal statistics:

num_allocs_failed_limit: 3.
num_arena_births: 322.
num_arena_deaths: 0.
num_vsnodes_births: 5.
num_vsnodes_deaths: 0.
num_space_committed: 537.
num_space_uncommitted: 0.
num_chunks_returned_to_freelist: 3.
num_chunks_taken_from_freelist: 1486.
num_chunk_merges: 3.
num_chunk_splits: 1023.
num_chunks_enlarged: 787.
num_purges: 0.
num_inconsistent_stats: 0.

CodeHeap 'non-profiled nmethods': size=120064Kb used=2421Kb max_used=2421Kb free=117642Kb
 bounds [0x0000023c47ef0000, 0x0000023c48160000, 0x0000023c4f430000]
CodeHeap 'profiled nmethods': size=120000Kb used=9731Kb max_used=9731Kb free=110268Kb
 bounds [0x0000023c409c0000, 0x0000023c41350000, 0x0000023c47ef0000]
CodeHeap 'non-nmethods': size=5696Kb used=1198Kb max_used=1255Kb free=4497Kb
 bounds [0x0000023c40430000, 0x0000023c406a0000, 0x0000023c409c0000]
 total_blobs=4808 nmethods=4310 adapters=411
 compilation: enabled
              stopped_count=0, restarted_count=0
 full_count=0

Compilation events (20 events):
Event: 74.278 Thread 0x0000023c5387dc30 4341       2       org.springframework.core.annotation.AnnotationUtils::isCandidateClass (9 bytes)
Event: 74.279 Thread 0x0000023c5387dc30 nmethod 4341 0x0000023c4133e010 code [0x0000023c4133e1e0, 0x0000023c4133e418]
Event: 74.284 Thread 0x0000023c5387dc30 4342   !   2       jdk.proxy2.$Proxy44::annotationType (29 bytes)
Event: 74.285 Thread 0x0000023c5387dc30 nmethod 4342 0x0000023c4133e610 code [0x0000023c4133e7c0, 0x0000023c4133ea38]
Event: 74.291 Thread 0x0000023c5387dc30 4343       1       com.sun.org.apache.xalan.internal.utils.XMLSecurityManager$Limit::systemProperty (5 bytes)
Event: 74.292 Thread 0x0000023c5387dc30 nmethod 4343 0x0000023c4814cd90 code [0x0000023c4814cf20, 0x0000023c4814cff8]
Event: 74.292 Thread 0x0000023c5387dc30 4344       2       com.fasterxml.jackson.databind.module.SimpleModule::_checkNotNull (26 bytes)
Event: 74.294 Thread 0x0000023c5387dc30 nmethod 4344 0x0000023c4133eb90 code [0x0000023c4133eda0, 0x0000023c4133f3d8]
Event: 74.294 Thread 0x0000023c5387dc30 4345       1       com.fasterxml.jackson.databind.type.ClassKey::hashCode (5 bytes)
Event: 74.294 Thread 0x0000023c5387dc30 nmethod 4345 0x0000023c4814d090 code [0x0000023c4814d220, 0x0000023c4814d2f8]
Event: 74.389 Thread 0x0000023c5387dc30 4346       2       org.springframework.core.ResolvableType::forType (7 bytes)
Event: 74.390 Thread 0x0000023c5387dc30 nmethod 4346 0x0000023c4133f690 code [0x0000023c4133f820, 0x0000023c4133f928]
Event: 74.399 Thread 0x0000023c5387dc30 4347       2       java.lang.ThreadLocal$ThreadLocalMap::set (133 bytes)
Event: 74.401 Thread 0x0000023c5387dc30 nmethod 4347 0x0000023c4133fa10 code [0x0000023c4133fc40, 0x0000023c413402e8]
Event: 74.666 Thread 0x0000023c5387dc30 4348       2       java.util.LinkedList::add (7 bytes)
Event: 74.667 Thread 0x0000023c5387dc30 nmethod 4348 0x0000023c41340690 code [0x0000023c41340820, 0x0000023c41340948]
Event: 74.667 Thread 0x0000023c5387dc30 4349       1       java.util.LinkedList::size (5 bytes)
Event: 74.668 Thread 0x0000023c5387dc30 nmethod 4349 0x0000023c4814d390 code [0x0000023c4814d520, 0x0000023c4814d5f8]
Event: 74.698 Thread 0x0000023c5387dc30 4350       2       java.lang.Module::getClassLoader (20 bytes)
Event: 74.699 Thread 0x0000023c5387dc30 nmethod 4350 0x0000023c41340a10 code [0x0000023c41340bc0, 0x0000023c41340d28]

GC Heap History (20 events):
Event: 36.687 GC heap after
{Heap after GC invocations=8 (full 0):
 garbage-first heap   total 65536K, used 14360K [0x00000000c1e00000, 0x0000000100000000)
  region size 1024K, 3 young (3072K), 3 survivors (3072K)
 Metaspace       used 20831K, committed 21056K, reserved 1073152K
  class space    used 2634K, committed 2752K, reserved 1048576K
}
Event: 39.639 GC heap before
{Heap before GC invocations=8 (full 0):
 garbage-first heap   total 65536K, used 19480K [0x00000000c1e00000, 0x0000000100000000)
  region size 1024K, 9 young (9216K), 3 survivors (3072K)
 Metaspace       used 21240K, committed 21504K, reserved 1073152K
  class space    used 2680K, committed 2816K, reserved 1048576K
}
Event: 39.657 GC heap after
{Heap after GC invocations=9 (full 0):
 garbage-first heap   total 65536K, used 14234K [0x00000000c1e00000, 0x0000000100000000)
  region size 1024K, 3 young (3072K), 3 survivors (3072K)
 Metaspace       used 21240K, committed 21504K, reserved 1073152K
  class space    used 2680K, committed 2816K, reserved 1048576K
}
Event: 53.711 GC heap before
{Heap before GC invocations=10 (full 0):
 garbage-first heap   total 55296K, used 42906K [0x00000000c1e00000, 0x0000000100000000)
  region size 1024K, 32 young (32768K), 3 survivors (3072K)
 Metaspace       used 24879K, committed 25152K, reserved 1073152K
  class space    used 3280K, committed 3392K, reserved 1048576K
}
Event: 53.736 GC heap after
{Heap after GC invocations=11 (full 0):
 garbage-first heap   total 55296K, used 15743K [0x00000000c1e00000, 0x0000000100000000)
  region size 1024K, 3 young (3072K), 3 survivors (3072K)
 Metaspace       used 24879K, committed 25152K, reserved 1073152K
  class space    used 3280K, committed 3392K, reserved 1048576K
}
Event: 67.112 GC heap before
{Heap before GC invocations=11 (full 0):
 garbage-first heap   total 55296K, used 41343K [0x00000000c1e00000, 0x0000000100000000)
  region size 1024K, 28 young (28672K), 3 survivors (3072K)
 Metaspace       used 29078K, committed 29376K, reserved 1081344K
  class space    used 3868K, committed 4032K, reserved 1048576K
}
Event: 67.139 GC heap after
{Heap after GC invocations=12 (full 0):
 garbage-first heap   total 55296K, used 18046K [0x00000000c1e00000, 0x0000000100000000)
  region size 1024K, 4 young (4096K), 4 survivors (4096K)
 Metaspace       used 29078K, committed 29376K, reserved 1081344K
  class space    used 3868K, committed 4032K, reserved 1048576K
}
Event: 71.935 GC heap before
{Heap before GC invocations=12 (full 0):
 garbage-first heap   total 55296K, used 42622K [0x00000000c1e00000, 0x0000000100000000)
  region size 1024K, 28 young (28672K), 4 survivors (4096K)
 Metaspace       used 32795K, committed 33152K, reserved 1081344K
  class space    used 4299K, committed 4480K, reserved 1048576K
}
Event: 71.970 GC heap after
{Heap after GC invocations=13 (full 0):
 garbage-first heap   total 55296K, used 20974K [0x00000000c1e00000, 0x0000000100000000)
  region size 1024K, 3 young (3072K), 3 survivors (3072K)
 Metaspace       used 32795K, committed 33152K, reserved 1081344K
  class space    used 4299K, committed 4480K, reserved 1048576K
}
Event: 72.220 GC heap before
{Heap before GC invocations=13 (full 0):
 garbage-first heap   total 55296K, used 41454K [0x00000000c1e00000, 0x0000000100000000)
  region size 1024K, 24 young (24576K), 3 survivors (3072K)
 Metaspace       used 32807K, committed 33152K, reserved 1081344K
  class space    used 4300K, committed 4480K, reserved 1048576K
}
Event: 72.236 GC heap after
{Heap after GC invocations=14 (full 0):
 garbage-first heap   total 55296K, used 22388K [0x00000000c1e00000, 0x0000000100000000)
  region size 1024K, 3 young (3072K), 3 survivors (3072K)
 Metaspace       used 32807K, committed 33152K, reserved 1081344K
  class space    used 4300K, committed 4480K, reserved 1048576K
}
Event: 72.287 GC heap before
{Heap before GC invocations=14 (full 0):
 garbage-first heap   total 55296K, used 40820K [0x00000000c1e00000, 0x0000000100000000)
  region size 1024K, 22 young (22528K), 3 survivors (3072K)
 Metaspace       used 32808K, committed 33152K, reserved 1081344K
  class space    used 4300K, committed 4480K, reserved 1048576K
}
Event: 72.298 GC heap after
{Heap after GC invocations=15 (full 0):
 garbage-first heap   total 55296K, used 22277K [0x00000000c1e00000, 0x0000000100000000)
  region size 1024K, 1 young (1024K), 1 survivors (1024K)
 Metaspace       used 32808K, committed 33152K, reserved 1081344K
  class space    used 4300K, committed 4480K, reserved 1048576K
}
Event: 72.316 GC heap before
{Heap before GC invocations=15 (full 0):
 garbage-first heap   total 55296K, used 41733K [0x00000000c1e00000, 0x0000000100000000)
  region size 1024K, 21 young (21504K), 1 survivors (1024K)
 Metaspace       used 32808K, committed 33152K, reserved 1081344K
  class space    used 4300K, committed 4480K, reserved 1048576K
}
Event: 72.318 GC heap after
{Heap after GC invocations=16 (full 0):
 garbage-first heap   total 55296K, used 22258K [0x00000000c1e00000, 0x0000000100000000)
  region size 1024K, 1 young (1024K), 1 survivors (1024K)
 Metaspace       used 32808K, committed 33152K, reserved 1081344K
  class space    used 4300K, committed 4480K, reserved 1048576K
}
Event: 73.508 GC heap before
{Heap before GC invocations=16 (full 0):
 garbage-first heap   total 55296K, used 42738K [0x00000000c1e00000, 0x0000000100000000)
  region size 1024K, 22 young (22528K), 1 survivors (1024K)
 Metaspace       used 33360K, committed 33728K, reserved 1081344K
  class space    used 4351K, committed 4544K, reserved 1048576K
}
Event: 73.513 GC heap after
{Heap after GC invocations=17 (full 0):
 garbage-first heap   total 55296K, used 22406K [0x00000000c1e00000, 0x0000000100000000)
  region size 1024K, 1 young (1024K), 1 survivors (1024K)
 Metaspace       used 33360K, committed 33728K, reserved 1081344K
  class space    used 4351K, committed 4544K, reserved 1048576K
}
Event: 73.524 GC heap before
{Heap before GC invocations=17 (full 0):
 garbage-first heap   total 55296K, used 42886K [0x00000000c1e00000, 0x0000000100000000)
  region size 1024K, 22 young (22528K), 1 survivors (1024K)
 Metaspace       used 33360K, committed 33728K, reserved 1081344K
  class space    used 4351K, committed 4544K, reserved 1048576K
}
Event: 73.526 GC heap after
{Heap after GC invocations=18 (full 0):
 garbage-first heap   total 55296K, used 22427K [0x00000000c1e00000, 0x0000000100000000)
  region size 1024K, 1 young (1024K), 1 survivors (1024K)
 Metaspace       used 33360K, committed 33728K, reserved 1081344K
  class space    used 4351K, committed 4544K, reserved 1048576K
}
Event: 74.826 GC heap before
{Heap before GC invocations=18 (full 0):
 garbage-first heap   total 55296K, used 43931K [0x00000000c1e00000, 0x0000000100000000)
  region size 1024K, 23 young (23552K), 1 survivors (1024K)
 Metaspace       used 34073K, committed 34368K, reserved 1081344K
  class space    used 4451K, committed 4608K, reserved 1048576K
}

Deoptimization events (20 events):
Event: 74.130 Thread 0x0000023c5394e990 Uncommon trap: trap_request=0xffffff45 fr.pc=0x0000023c47fda304 relative=0x0000000000000264
Event: 74.130 Thread 0x0000023c5394e990 Uncommon trap: reason=unstable_if action=reinterpret pc=0x0000023c47fda304 method=java.util.concurrent.ConcurrentHashMap.get(Ljava/lang/Object;)Ljava/lang/Object; @ 152 c2
Event: 74.130 Thread 0x0000023c5394e990 DEOPT PACKING pc=0x0000023c47fda304 sp=0x000000465a6fc810
Event: 74.130 Thread 0x0000023c5394e990 DEOPT UNPACKING pc=0x0000023c4048239e sp=0x000000465a6fc778 mode 2
Event: 74.270 Thread 0x0000023c5394e990 Uncommon trap: trap_request=0xffffffbe fr.pc=0x0000023c4814c7a4 relative=0x0000000000000664
Event: 74.270 Thread 0x0000023c5394e990 Uncommon trap: reason=profile_predicate action=maybe_recompile pc=0x0000023c4814c7a4 method=java.lang.PublicMethods$MethodList.filter([Ljava/lang/reflect/Method;Ljava/lang/String;[Ljava/lang/Class;Z)Ljava/lang/PublicMethods$MethodList; @ 21 c2
Event: 74.270 Thread 0x0000023c5394e990 DEOPT PACKING pc=0x0000023c4814c7a4 sp=0x000000465a6fc3f0
Event: 74.270 Thread 0x0000023c5394e990 DEOPT UNPACKING pc=0x0000023c4048239e sp=0x000000465a6fc3a8 mode 2
Event: 74.270 Thread 0x0000023c5394e990 Uncommon trap: trap_request=0xffffffbe fr.pc=0x0000023c4814c7a4 relative=0x0000000000000664
Event: 74.270 Thread 0x0000023c5394e990 Uncommon trap: reason=profile_predicate action=maybe_recompile pc=0x0000023c4814c7a4 method=java.lang.PublicMethods$MethodList.filter([Ljava/lang/reflect/Method;Ljava/lang/String;[Ljava/lang/Class;Z)Ljava/lang/PublicMethods$MethodList; @ 21 c2
Event: 74.270 Thread 0x0000023c5394e990 DEOPT PACKING pc=0x0000023c4814c7a4 sp=0x000000465a6fc340
Event: 74.270 Thread 0x0000023c5394e990 DEOPT UNPACKING pc=0x0000023c4048239e sp=0x000000465a6fc2f8 mode 2
Event: 74.270 Thread 0x0000023c5394e990 Uncommon trap: trap_request=0xffffffbe fr.pc=0x0000023c4814c7a4 relative=0x0000000000000664
Event: 74.270 Thread 0x0000023c5394e990 Uncommon trap: reason=profile_predicate action=maybe_recompile pc=0x0000023c4814c7a4 method=java.lang.PublicMethods$MethodList.filter([Ljava/lang/reflect/Method;Ljava/lang/String;[Ljava/lang/Class;Z)Ljava/lang/PublicMethods$MethodList; @ 21 c2
Event: 74.270 Thread 0x0000023c5394e990 DEOPT PACKING pc=0x0000023c4814c7a4 sp=0x000000465a6fc290
Event: 74.270 Thread 0x0000023c5394e990 DEOPT UNPACKING pc=0x0000023c4048239e sp=0x000000465a6fc248 mode 2
Event: 74.270 Thread 0x0000023c5394e990 Uncommon trap: trap_request=0xffffffbe fr.pc=0x0000023c4814c7a4 relative=0x0000000000000664
Event: 74.270 Thread 0x0000023c5394e990 Uncommon trap: reason=profile_predicate action=maybe_recompile pc=0x0000023c4814c7a4 method=java.lang.PublicMethods$MethodList.filter([Ljava/lang/reflect/Method;Ljava/lang/String;[Ljava/lang/Class;Z)Ljava/lang/PublicMethods$MethodList; @ 21 c2
Event: 74.270 Thread 0x0000023c5394e990 DEOPT PACKING pc=0x0000023c4814c7a4 sp=0x000000465a6fc1e0
Event: 74.270 Thread 0x0000023c5394e990 DEOPT UNPACKING pc=0x0000023c4048239e sp=0x000000465a6fc198 mode 2

Classes unloaded (0 events):
No events

Classes redefined (0 events):
No events

Internal exceptions (20 events):
Event: 63.740 Thread 0x0000023c5394e990 Exception <a 'java/lang/ClassNotFoundException'{0x00000000c3ff15a0}: org/springframework/security/access/intercept/aopalliance/MethodSecurityMetadataSourceAdvisorCustomizer> (0x00000000c3ff15a0) 
thrown [e:\jenkins\tmp\workspace\build\src\src\hotspot\share\classfile\systemDictionary.cpp, line 256]
Event: 63.747 Thread 0x0000023c5394e990 Exception <a 'java/lang/ClassNotFoundException'{0x00000000c3fff1b0}: org/springframework/beans/factory/BeanFactoryAwareCustomizer> (0x00000000c3fff1b0) 
thrown [e:\jenkins\tmp\workspace\build\src\src\hotspot\share\classfile\systemDictionary.cpp, line 256]
Event: 63.749 Thread 0x0000023c5394e990 Exception <a 'java/lang/ClassNotFoundException'{0x00000000c3e06a48}: org/springframework/beans/factory/AwareCustomizer> (0x00000000c3e06a48) 
thrown [e:\jenkins\tmp\workspace\build\src\src\hotspot\share\classfile\systemDictionary.cpp, line 256]
Event: 63.752 Thread 0x0000023c5394e990 Exception <a 'java/lang/ClassNotFoundException'{0x00000000c3e0c798}: org/springframework/aop/PointcutAdvisorCustomizer> (0x00000000c3e0c798) 
thrown [e:\jenkins\tmp\workspace\build\src\src\hotspot\share\classfile\systemDictionary.cpp, line 256]
Event: 63.759 Thread 0x0000023c5394e990 Exception <a 'java/lang/ClassNotFoundException'{0x00000000c3e13518}: org/springframework/aop/AdvisorCustomizer> (0x00000000c3e13518) 
thrown [e:\jenkins\tmp\workspace\build\src\src\hotspot\share\classfile\systemDictionary.cpp, line 256]
Event: 63.764 Thread 0x0000023c5394e990 Exception <a 'java/lang/ClassNotFoundException'{0x00000000c3e1aa78}: org/springframework/core/OrderedCustomizer> (0x00000000c3e1aa78) 
thrown [e:\jenkins\tmp\workspace\build\src\src\hotspot\share\classfile\systemDictionary.cpp, line 256]
Event: 63.968 Thread 0x0000023c5394e990 Exception <a 'java/lang/NoSuchMethodError'{0x00000000c3effd70}: 'java.lang.Object java.lang.invoke.DirectMethodHandle$Holder.invokeSpecialIFC(java.lang.Object, java.lang.Object, java.lang.Object)'> (0x00000000c3effd70) 
thrown [e:\jenkins\tmp\workspace\build\src\src\hotspot\share\interpreter\linkResolver.cpp, line 766]
Event: 67.631 Thread 0x0000023c5394e990 Exception <a 'java/lang/NoSuchMethodError'{0x00000000c5796e08}: 'void java.lang.invoke.DirectMethodHandle$Holder.invokeInterface(java.lang.Object, java.lang.Object, int)'> (0x00000000c5796e08) 
thrown [e:\jenkins\tmp\workspace\build\src\src\hotspot\share\interpreter\linkResolver.cpp, line 766]
Event: 67.642 Thread 0x0000023c5394e990 Exception <a 'java/lang/NoSuchMethodError'{0x00000000c57b08a0}: 'int java.lang.invoke.DirectMethodHandle$Holder.invokeVirtual(java.lang.Object, java.lang.Object)'> (0x00000000c57b08a0) 
thrown [e:\jenkins\tmp\workspace\build\src\src\hotspot\share\interpreter\linkResolver.cpp, line 766]
Event: 67.675 Thread 0x0000023c5394e990 Exception <a 'java/lang/IncompatibleClassChangeError'{0x00000000c57ea170}: Found class java.lang.Object, but interface was expected> (0x00000000c57ea170) 
thrown [e:\jenkins\tmp\workspace\build\src\src\hotspot\share\interpreter\linkResolver.cpp, line 833]
Event: 67.692 Thread 0x0000023c5394e990 Exception <a 'java/lang/NoSuchMethodError'{0x00000000c57ef2f8}: 'void java.lang.invoke.DirectMethodHandle$Holder.invokeStatic(java.lang.Object, int, java.lang.Object)'> (0x00000000c57ef2f8) 
thrown [e:\jenkins\tmp\workspace\build\src\src\hotspot\share\interpreter\linkResolver.cpp, line 766]
Event: 67.717 Thread 0x0000023c5394e990 Exception <a 'java/lang/NoSuchMethodError'{0x00000000c56255f8}: 'int java.lang.invoke.DirectMethodHandle$Holder.invokeSpecial(java.lang.Object, java.lang.Object, int)'> (0x00000000c56255f8) 
thrown [e:\jenkins\tmp\workspace\build\src\src\hotspot\share\interpreter\linkResolver.cpp, line 766]
Event: 68.910 Thread 0x0000023c5394e990 Exception <a 'java/lang/NoSuchMethodError'{0x00000000c4c201e8}: 'java.lang.Object java.lang.invoke.DirectMethodHandle$Holder.invokeStaticInit(java.lang.Object, int, int, int, int)'> (0x00000000c4c201e8) 
thrown [e:\jenkins\tmp\workspace\build\src\src\hotspot\share\interpreter\linkResolver.cpp, line 766]
Event: 69.216 Thread 0x0000023c5394e990 Exception <a 'java/lang/NoSuchMethodError'{0x00000000c4cc8948}: 'java.lang.Object java.lang.invoke.DirectMethodHandle$Holder.invokeStaticInit(java.lang.Object, java.lang.Object, int, int, int, int)'> (0x00000000c4cc8948) 
thrown [e:\jenkins\tmp\workspace\build\src\src\hotspot\share\interpreter\linkResolver.cpp, line 766]
Event: 72.347 Thread 0x0000023c5394e990 Exception <a 'sun/nio/fs/WindowsException'{0x00000000c57ef1a8}> (0x00000000c57ef1a8) 
thrown [e:\jenkins\tmp\workspace\build\src\src\hotspot\share\prims\jni.cpp, line 516]
Event: 72.351 Thread 0x0000023c5394e990 Exception <a 'sun/nio/fs/WindowsException'{0x00000000c57f4e68}> (0x00000000c57f4e68) 
thrown [e:\jenkins\tmp\workspace\build\src\src\hotspot\share\prims\jni.cpp, line 516]
Event: 72.447 Thread 0x0000023c5394e990 Exception <a 'sun/nio/fs/WindowsException'{0x00000000c57f5548}> (0x00000000c57f5548) 
thrown [e:\jenkins\tmp\workspace\build\src\src\hotspot\share\prims\jni.cpp, line 516]
Event: 73.776 Thread 0x0000023c5394e990 Exception <a 'java/io/FileNotFoundException'{0x00000000c4926bf0}> (0x00000000c4926bf0) 
thrown [e:\jenkins\tmp\workspace\build\src\src\hotspot\share\prims\jni.cpp, line 516]
Event: 74.057 Thread 0x0000023c5394e990 Exception <a 'java/lang/NoSuchMethodError'{0x00000000c427c568}: 'int java.lang.invoke.DirectMethodHandle$Holder.invokeInterface(java.lang.Object, java.lang.Object, java.lang.Object, java.lang.Object)'> (0x00000000c427c568) 
thrown [e:\jenkins\tmp\workspace\build\src\src\hotspot\share\interpreter\linkResolver.cpp, line 766]
Event: 74.669 Thread 0x0000023c5394e990 Exception <a 'java/io/FileNotFoundException'{0x00000000c3ffdcd8}> (0x00000000c3ffdcd8) 
thrown [e:\jenkins\tmp\workspace\build\src\src\hotspot\share\prims\jni.cpp, line 516]

VM Operations (20 events):
Event: 72.236 Executing VM operation: G1CollectForAllocation done
Event: 72.287 Executing VM operation: G1CollectForAllocation
Event: 72.299 Executing VM operation: G1CollectForAllocation done
Event: 72.316 Executing VM operation: G1CollectForAllocation
Event: 72.318 Executing VM operation: G1CollectForAllocation done
Event: 72.922 Executing VM operation: HandshakeAllThreads
Event: 72.922 Executing VM operation: HandshakeAllThreads done
Event: 73.507 Executing VM operation: G1CollectForAllocation
Event: 73.513 Executing VM operation: G1CollectForAllocation done
Event: 73.523 Executing VM operation: G1CollectForAllocation
Event: 73.526 Executing VM operation: G1CollectForAllocation done
Event: 74.373 Executing VM operation: HandshakeAllThreads
Event: 74.373 Executing VM operation: HandshakeAllThreads done
Event: 74.375 Executing VM operation: HandshakeAllThreads
Event: 74.375 Executing VM operation: HandshakeAllThreads done
Event: 74.696 Executing VM operation: HandshakeAllThreads
Event: 74.696 Executing VM operation: HandshakeAllThreads done
Event: 74.696 Executing VM operation: Cleanup
Event: 74.698 Executing VM operation: Cleanup done
Event: 74.801 Executing VM operation: G1CollectForAllocation

Events (20 events):
Event: 74.704 loading class java/util/concurrent/ScheduledThreadPoolExecutor$ScheduledFutureTask done
Event: 74.705 loading class java/util/concurrent/Executors
Event: 74.705 loading class java/util/concurrent/Executors done
Event: 74.705 loading class java/util/concurrent/Executors$RunnableAdapter
Event: 74.706 loading class java/util/concurrent/Executors$RunnableAdapter done
Event: 74.706 loading class java/util/concurrent/ThreadPoolExecutor$Worker
Event: 74.706 loading class java/util/concurrent/ThreadPoolExecutor$Worker done
Event: 74.712 loading class java/lang/Thread$State
Event: 74.712 loading class java/lang/Thread$State done
Event: 74.713 Thread 0x0000023c5a3e7a80 Thread added: 0x0000023c5a3e7a80
Event: 74.732 loading class java/util/concurrent/TimeUnit$1
Event: 74.732 loading class java/util/concurrent/TimeUnit$1 done
Event: 74.749 Thread 0x0000023c56e64100 Thread added: 0x0000023c56e64100
Event: 74.753 loading class java/util/concurrent/locks/AbstractQueuedSynchronizer$ConditionNode
Event: 74.753 loading class java/util/concurrent/ForkJoinPool$ManagedBlocker
Event: 74.753 loading class java/util/concurrent/ForkJoinPool$ManagedBlocker done
Event: 74.753 loading class java/util/concurrent/locks/AbstractQueuedSynchronizer$Node
Event: 74.753 loading class java/util/concurrent/locks/AbstractQueuedSynchronizer$Node done
Event: 74.753 loading class java/util/concurrent/locks/AbstractQueuedSynchronizer$ConditionNode done
Event: 74.788 Thread 0x0000023c5a3273b0 Thread added: 0x0000023c5a3273b0


Dynamic libraries:
0x00007ff630bc0000 - 0x00007ff630bce000 	C:\Program Files\Eclipse Adoptium\jdk-17.0.1.12-hotspot\bin\java.exe
0x00007ff81da10000 - 0x00007ff81dc05000 	C:\WINDOWS\SYSTEM32\ntdll.dll
0x00007ff81d8b0000 - 0x00007ff81d96e000 	C:\WINDOWS\System32\KERNEL32.DLL
0x00007ff81b640000 - 0x00007ff81b908000 	C:\WINDOWS\System32\KERNELBASE.dll
0x00007ff81b380000 - 0x00007ff81b480000 	C:\WINDOWS\System32\ucrtbase.dll
0x00007ff815430000 - 0x00007ff815448000 	C:\Program Files\Eclipse Adoptium\jdk-17.0.1.12-hotspot\bin\jli.dll
0x00007ff81cfd0000 - 0x00007ff81d170000 	C:\WINDOWS\System32\USER32.dll
0x00007ff81b980000 - 0x00007ff81b9a2000 	C:\WINDOWS\System32\win32u.dll
0x00007ff81c260000 - 0x00007ff81c28b000 	C:\WINDOWS\System32\GDI32.dll
0x00007ff81b480000 - 0x00007ff81b58b000 	C:\WINDOWS\System32\gdi32full.dll
0x00007ff81b130000 - 0x00007ff81b1cd000 	C:\WINDOWS\System32\msvcp_win.dll
0x00007ff80b400000 - 0x00007ff80b69a000 	C:\WINDOWS\WinSxS\amd64_microsoft.windows.common-controls_6595b64144ccf1df_6.0.19041.1110_none_60b5254171f9507e\COMCTL32.dll
0x00007ff81be90000 - 0x00007ff81bf2e000 	C:\WINDOWS\System32\msvcrt.dll
0x00007ff814700000 - 0x00007ff814719000 	C:\Program Files\Eclipse Adoptium\jdk-17.0.1.12-hotspot\bin\VCRUNTIME140.dll
0x00007ff81cfa0000 - 0x00007ff81cfd0000 	C:\WINDOWS\System32\IMM32.DLL
0x00007ff814750000 - 0x00007ff81475c000 	C:\Program Files\Eclipse Adoptium\jdk-17.0.1.12-hotspot\bin\vcruntime140_1.dll
0x00007ffff9a60000 - 0x00007ffff9af1000 	C:\Program Files\Eclipse Adoptium\jdk-17.0.1.12-hotspot\bin\msvcp140.dll
0x00007fffd4490000 - 0x00007fffd50d6000 	C:\Program Files\Eclipse Adoptium\jdk-17.0.1.12-hotspot\bin\server\jvm.dll
0x00007ff81c290000 - 0x00007ff81c33e000 	C:\WINDOWS\System32\ADVAPI32.dll
0x00007ff81c7b0000 - 0x00007ff81c84c000 	C:\WINDOWS\System32\sechost.dll
0x00007ff81bf30000 - 0x00007ff81c055000 	C:\WINDOWS\System32\RPCRT4.dll
0x00007ff81c0e0000 - 0x00007ff81c0e8000 	C:\WINDOWS\System32\PSAPI.DLL
0x00007ff8145d0000 - 0x00007ff8145d9000 	C:\WINDOWS\SYSTEM32\WSOCK32.dll
0x00007ff81c060000 - 0x00007ff81c0cb000 	C:\WINDOWS\System32\WS2_32.dll
0x00007ff8003d0000 - 0x00007ff8003f7000 	C:\WINDOWS\SYSTEM32\WINMM.dll
0x00007ff80b6a0000 - 0x00007ff80b6aa000 	C:\WINDOWS\SYSTEM32\VERSION.dll
0x00007ff819000000 - 0x00007ff819012000 	C:\WINDOWS\SYSTEM32\kernel.appcore.dll
0x00007ff8146f0000 - 0x00007ff8146fa000 	C:\Program Files\Eclipse Adoptium\jdk-17.0.1.12-hotspot\bin\jimage.dll
0x00007ff80e7b0000 - 0x00007ff80e994000 	C:\WINDOWS\SYSTEM32\DBGHELP.DLL
0x00007ff80e6e0000 - 0x00007ff80e70c000 	C:\WINDOWS\SYSTEM32\dbgcore.DLL
0x00007ff81b9e0000 - 0x00007ff81ba62000 	C:\WINDOWS\System32\bcryptPrimitives.dll
0x00007ff805c40000 - 0x00007ff805c4e000 	C:\Program Files\Eclipse Adoptium\jdk-17.0.1.12-hotspot\bin\instrument.dll
0x00007fffff800000 - 0x00007fffff825000 	C:\Program Files\Eclipse Adoptium\jdk-17.0.1.12-hotspot\bin\java.dll
0x00007fffe9070000 - 0x00007fffe9146000 	C:\Program Files\Eclipse Adoptium\jdk-17.0.1.12-hotspot\bin\svml.dll
0x00007ff81c850000 - 0x00007ff81cf94000 	C:\WINDOWS\System32\SHELL32.dll
0x00007ff819200000 - 0x00007ff819994000 	C:\WINDOWS\SYSTEM32\windows.storage.dll
0x00007ff81d280000 - 0x00007ff81d5d4000 	C:\WINDOWS\System32\combase.dll
0x00007ff81aac0000 - 0x00007ff81aaec000 	C:\WINDOWS\SYSTEM32\Wldp.dll
0x00007ff81d800000 - 0x00007ff81d8ad000 	C:\WINDOWS\System32\SHCORE.dll
0x00007ff81c200000 - 0x00007ff81c255000 	C:\WINDOWS\System32\shlwapi.dll
0x00007ff81b070000 - 0x00007ff81b08f000 	C:\WINDOWS\SYSTEM32\profapi.dll
0x00007ffffe690000 - 0x00007ffffe6a8000 	C:\Program Files\Eclipse Adoptium\jdk-17.0.1.12-hotspot\bin\zip.dll
0x00007ff802400000 - 0x00007ff802419000 	C:\Program Files\Eclipse Adoptium\jdk-17.0.1.12-hotspot\bin\net.dll
0x00007ff810370000 - 0x00007ff810479000 	C:\WINDOWS\SYSTEM32\WINHTTP.dll
0x00007ff81a7e0000 - 0x00007ff81a84a000 	C:\WINDOWS\system32\mswsock.dll
0x00007fffff7e0000 - 0x00007fffff7f5000 	C:\Program Files\Eclipse Adoptium\jdk-17.0.1.12-hotspot\bin\nio.dll
0x00007ffffe550000 - 0x00007ffffe56a000 	C:\Program Files\JetBrains\IntelliJ IDEA Community Edition 2021.2.3\bin\breakgen64.dll
0x00007ff801f00000 - 0x00007ff801f10000 	C:\Program Files\Eclipse Adoptium\jdk-17.0.1.12-hotspot\bin\verify.dll
0x00007ffffede0000 - 0x00007ffffede9000 	C:\Program Files\Eclipse Adoptium\jdk-17.0.1.12-hotspot\bin\management.dll
0x00007ffffeb80000 - 0x00007ffffeb8b000 	C:\Program Files\Eclipse Adoptium\jdk-17.0.1.12-hotspot\bin\management_ext.dll
0x00007ff809da0000 - 0x00007ff809db7000 	C:\WINDOWS\system32\napinsp.dll
0x00007ff809d80000 - 0x00007ff809d9b000 	C:\WINDOWS\system32\pnrpnsp.dll
0x00007ff809d60000 - 0x00007ff809d75000 	C:\WINDOWS\system32\wshbth.dll
0x00007ff816ad0000 - 0x00007ff816aed000 	C:\WINDOWS\system32\NLAapi.dll
0x00007ff81a4e0000 - 0x00007ff81a51b000 	C:\WINDOWS\SYSTEM32\IPHLPAPI.DLL
0x00007ff81a520000 - 0x00007ff81a5ea000 	C:\WINDOWS\SYSTEM32\DNSAPI.dll
0x00007ff81d5e0000 - 0x00007ff81d5e8000 	C:\WINDOWS\System32\NSI.dll
0x00007ff809b70000 - 0x00007ff809b82000 	C:\WINDOWS\System32\winrnr.dll
0x00007ff810280000 - 0x00007ff81028a000 	C:\Windows\System32\rasadhlp.dll
0x00007ff810ac0000 - 0x00007ff810b3f000 	C:\WINDOWS\System32\fwpuclnt.dll
0x00007ff81b9b0000 - 0x00007ff81b9d7000 	C:\WINDOWS\System32\bcrypt.dll
0x00007ff81a9b0000 - 0x00007ff81a9c8000 	C:\WINDOWS\SYSTEM32\CRYPTSP.dll
0x00007ff81a170000 - 0x00007ff81a1a4000 	C:\WINDOWS\system32\rsaenh.dll
0x00007ff81aff0000 - 0x00007ff81b01e000 	C:\WINDOWS\SYSTEM32\USERENV.dll
0x00007ff81a9d0000 - 0x00007ff81a9dc000 	C:\WINDOWS\SYSTEM32\CRYPTBASE.dll
0x00007ff811390000 - 0x00007ff8113a7000 	C:\WINDOWS\SYSTEM32\dhcpcsvc6.DLL
0x00007ff811480000 - 0x00007ff81149d000 	C:\WINDOWS\SYSTEM32\dhcpcsvc.DLL

dbghelp: loaded successfully - version: 4.0.5 - missing functions: none
symbol engine: initialized successfully - sym options: 0x614 - pdb path: .;C:\Program Files\Eclipse Adoptium\jdk-17.0.1.12-hotspot\bin;C:\WINDOWS\SYSTEM32;C:\WINDOWS\WinSxS\amd64_microsoft.windows.common-controls_6595b64144ccf1df_6.0.19041.1110_none_60b5254171f9507e;C:\Program Files\Eclipse Adoptium\jdk-17.0.1.12-hotspot\bin\server;C:\Program Files\JetBrains\IntelliJ IDEA Community Edition 2021.2.3\bin

VM Arguments:
jvm_args: -javaagent:C:\Program Files\JetBrains\IntelliJ IDEA Community Edition 2021.2.3\lib\idea_rt.jar=1144:C:\Program Files\JetBrains\IntelliJ IDEA Community Edition 2021.2.3\bin -Dfile.encoding=UTF-8 
java_command: dev.facturador.FacturadorMasMasApplication
java_class_path (initial): C:\Users\Marcos\Desktop\Programacion\Mis Proyectos\Proyecto 2\facturador\facturador-demo\target\classes;C:\Users\Marcos\.m2\repository\org\projectlombok\lombok\1.18.22\lombok-1.18.22.jar;C:\Users\Marcos\.m2\repository\org\springframework\boot\spring-boot-devtools\2.6.2\spring-boot-devtools-2.6.2.jar;C:\Users\Marcos\.m2\repository\org\springframework\boot\spring-boot\2.6.2\spring-boot-2.6.2.jar;C:\Users\Marcos\.m2\repository\org\springframework\spring-context\5.3.14\spring-context-5.3.14.jar;C:\Users\Marcos\.m2\repository\org\springframework\boot\spring-boot-autoconfigure\2.6.2\spring-boot-autoconfigure-2.6.2.jar;C:\Users\Marcos\.m2\repository\org\springframework\boot\spring-boot-starter-web\2.6.2\spring-boot-starter-web-2.6.2.jar;C:\Users\Marcos\.m2\repository\org\springframework\boot\spring-boot-starter\2.6.2\spring-boot-starter-2.6.2.jar;C:\Users\Marcos\.m2\repository\org\springframework\boot\spring-boot-starter-logging\2.6.2\spring-boot-starter-logging-2.6.2.jar;C:\Users\Marcos\.m2\repository\ch\qos\logback\logback-classic\1.2.9\logback-classic-1.2.9.jar;C:\Users\Marcos\.m2\repository\ch\qos\logback\logback-core\1.2.9\logback-core-1.2.9.jar;C:\Users\Marcos\.m2\repository\org\apache\logging\log4j\log4j-to-slf4j\2.17.0\log4j-to-slf4j-2.17.0.jar;C:\Users\Marcos\.m2\repository\org\apache\logging\log4j\log4j-api\2.17.0\log4j-api-2.17.0.jar;C:\Users\Marcos\.m2\repository\org\slf4j\jul-to-slf4j\1.7.32\jul-to-slf4j-1.7.32.jar;C:\Users\Marcos\.m2\repository\jakarta\annotation\jakarta.annotation-api\1.3.5\jakarta.annotation-api-1.3.5.jar;C:\Users\Marcos\.m2\repository\org\yaml\snakeyaml\1.29\snakeyaml-1.29.jar;C:\Users\Marcos\.m2\repository\org\springframework\boot\spring-boot-starter-json\2.6.2\spring-boot-starter-json-2.6.2.jar;C:\Users\Marcos\.m2\repository\com\fasterxml\jackson\datatype\jackson-datatype-jdk8\2.13.1\jackson-datatype-jdk8-2.13.1.jar;C:\Users\Marcos\.m2\repository\com\fasterxml\jackson\datatype\jackson-datatype-jsr310\2.13.1\j
Launcher Type: SUN_STANDARD

[Global flags]
     intx CICompilerCount                          = 2                                         {product} {ergonomic}
     uint ConcGCThreads                            = 1                                         {product} {ergonomic}
     uint G1ConcRefinementThreads                  = 2                                         {product} {ergonomic}
   size_t G1HeapRegionSize                         = 1048576                                   {product} {ergonomic}
    uintx GCDrainStackTargetSize                   = 64                                        {product} {ergonomic}
   size_t InitialHeapSize                          = 67108864                                  {product} {ergonomic}
   size_t MarkStackSize                            = 4194304                                   {product} {ergonomic}
   size_t MaxHeapSize                              = 1042284544                                {product} {ergonomic}
   size_t MaxNewSize                               = 624951296                                 {product} {ergonomic}
   size_t MinHeapDeltaBytes                        = 1048576                                   {product} {ergonomic}
   size_t MinHeapSize                              = 8388608                                   {product} {ergonomic}
    uintx NonNMethodCodeHeapSize                   = 5826188                                {pd product} {ergonomic}
    uintx NonProfiledCodeHeapSize                  = 122916026                              {pd product} {ergonomic}
    uintx ProfiledCodeHeapSize                     = 122916026                              {pd product} {ergonomic}
    uintx ReservedCodeCacheSize                    = 251658240                              {pd product} {ergonomic}
     bool SegmentedCodeCache                       = true                                      {product} {ergonomic}
   size_t SoftMaxHeapSize                          = 1042284544                             {manageable} {ergonomic}
     bool UseCompressedClassPointers               = true                           {product lp64_product} {ergonomic}
     bool UseCompressedOops                        = true                           {product lp64_product} {ergonomic}
     bool UseG1GC                                  = true                                      {product} {ergonomic}
     bool UseLargePagesIndividualAllocation        = false                                  {pd product} {ergonomic}

Logging:
Log output configuration:
 #0: stdout all=warning uptime,level,tags
 #1: stderr all=off uptime,level,tags

Environment Variables:
JAVA_HOME=C:\Program Files\Eclipse Adoptium\jdk-17.0.1.12-hotspot\
PATH=C:\Program Files\Eclipse Adoptium\jdk-11.0.13.8-hotspot\bin;C:\Python310\Scripts\;C:\Python310\;C:\Program Files\Common Files\Oracle\Java\javapath;C:\ProgramData\Oracle\Java\javapath;C:\Program Files\Java\jdk1.8.0_241\bin;C:\WINDOWS\system32;C:\WINDOWS;C:\WINDOWS\System32\Wbem;C:\WINDOWS\System32\WindowsPowerShell\v1.0\;C:\WINDOWS\System32\OpenSSH\;C:\Program Files\nodejs\;C:\ProgramData\chocolatey\bin;C:\maven\bin;C:\Program Files\Eclipse Adoptium\jdk-17.0.1.12-hotspot\\bin;C:\Program Files\Git\cmd;C:\Program Files\Docker\Docker\resources\bin;C:\ProgramData\DockerDesktop\version-bin;C:\Users\Marcos\AppData\Local\Microsoft\WindowsApps;C:\Program Files\Java\jdk1.8.0_112\bin;;C:\Users\Marcos\AppData\Local\Programs\Microsoft VS Code\bin;C:\Users\Marcos\AppData\Roaming\npm
USERNAME=Marcos
OS=Windows_NT
PROCESSOR_IDENTIFIER=Intel64 Family 6 Model 55 Stepping 8, GenuineIntel



---------------  S Y S T E M  ---------------

OS:
 Windows 10 , 64 bit Build 19041 (10.0.19041.1566)
OS uptime: 6 days 19:17 hours
Hyper-V role detected

CPU: total 2 (initial active 2) (2 cores per cpu, 1 threads per core) family 6 model 55 stepping 8 microcode 0x838, cx8, cmov, fxsr, mmx, 3dnowpref, sse, sse2, sse3, ssse3, sse4.1, sse4.2, popcnt, tsc, tscinvbit, erms, clmul, clflush, hv

Memory: 4k page, system-wide physical 3973M (288M free)
TotalPageFile size 6757M (AvailPageFile size 27M)
current process WorkingSet (physical memory assigned to process): 170M, peak: 189M
current process commit charge ("private bytes"): 209M, peak: 253M

vm_info: OpenJDK 64-Bit Server VM (17.0.1+12) for windows-amd64 JRE (17.0.1+12), built on Oct 20 2021 07:42:55 by "" with MS VC++ 16.7 (VS2019)

END.
